Arguments: 
  /usr/local/bin/node /usr/local/bin/yarn add ctyled-components

PATH: 
  /usr/local/bin:/usr/bin:/bin:/usr/sbin:/sbin:/Users/dinara/Desktop/auth-ev/node_modules/.bin

Yarn version: 
  1.22.17

Node version: 
  14.17.1

Platform: 
  darwin x64

Trace: 
  Error: https://registry.yarnpkg.com/ctyled-components: Not found
      at Request.params.callback [as _callback] (/usr/local/lib/node_modules/yarn/lib/cli.js:67029:18)
      at Request.self.callback (/usr/local/lib/node_modules/yarn/lib/cli.js:140883:22)
      at Request.emit (events.js:375:28)
      at Request.<anonymous> (/usr/local/lib/node_modules/yarn/lib/cli.js:141855:10)
      at Request.emit (events.js:375:28)
      at IncomingMessage.<anonymous> (/usr/local/lib/node_modules/yarn/lib/cli.js:141777:12)
      at Object.onceWrapper (events.js:481:28)
      at IncomingMessage.emit (events.js:387:35)
      at endReadableNT (internal/streams/readable.js:1317:12)
      at processTicksAndRejections (internal/process/task_queues.js:82:21)

npm manifest: 
  {
    "name": "auth-ev",
    "version": "1.0.0",
    "description": "",
    "main": "server.js",
    "scripts": {
      "start": "nodemon server",
      "server": "nodemon server",
      "client": "yarn --cwd client start",
      "dev": "concurrently \"yarn run server\" \"yarn run client\" ",
      "test": "echo \"Error: no test specified\" && exit 1"
    },
    "author": "",
    "license": "ISC",
    "dependencies": {
      "abbrev": "^1.1.1",
      "accepts": "^1.3.7",
      "agent-base": "^6.0.2",
      "ansi-regex": "^3.0.0",
      "ansi-styles": "^4.3.0",
      "aproba": "^2.0.0",
      "are-we-there-yet": "^2.0.0",
      "array-flatten": "^1.1.1",
      "balanced-match": "^1.0.2",
      "base64-js": "^1.5.1",
      "basic-auth": "^2.0.1",
      "bcrypt": "^5.0.1",
      "body-parser": "^1.19.0",
      "brace-expansion": "^1.1.11",
      "bson": "^4.5.4",
      "buffer": "^5.7.1",
      "buffer-equal-constant-time": "^1.0.1",
      "bytes": "^3.1.0",
      "chalk": "^4.1.2",
      "chownr": "^2.0.0",
      "cliui": "^7.0.4",
      "color-convert": "^2.0.1",
      "color-name": "^1.1.4",
      "color-support": "^1.1.3",
      "concat-map": "^0.0.1",
      "concurrently": "^6.4.0",
      "console-control-strings": "^1.1.0",
      "content-disposition": "^0.5.3",
      "content-type": "^1.0.4",
      "cookie": "^0.4.0",
      "cookie-signature": "^1.0.6",
      "cors": "^2.8.5",
      "date-fns": "^2.25.0",
      "debug": "^2.6.9",
      "delegates": "^1.0.0",
      "denque": "^2.0.1",
      "depd": "^1.1.2",
      "destroy": "^1.0.4",
      "detect-libc": "^1.0.3",
      "dotenv": "^10.0.0",
      "ecdsa-sig-formatter": "^1.0.11",
      "ee-first": "^1.1.1",
      "emoji-regex": "^8.0.0",
      "encodeurl": "^1.0.2",
      "escalade": "^3.1.1",
      "escape-html": "^1.0.3",
      "etag": "^1.8.1",
      "express": "^4.17.1",
      "finalhandler": "^1.1.2",
      "forwarded": "^0.2.0",
      "fresh": "^0.5.2",
      "fs-minipass": "^2.1.0",
      "fs.realpath": "^1.0.0",
      "gauge": "^3.0.1",
      "get-caller-file": "^2.0.5",
      "glob": "^7.2.0",
      "has-flag": "^4.0.0",
      "has-unicode": "^2.0.1",
      "http-errors": "^1.7.2",
      "https-proxy-agent": "^5.0.0",
      "iconv-lite": "^0.4.24",
      "ieee754": "^1.2.1",
      "inflight": "^1.0.6",
      "inherits": "^2.0.3",
      "ipaddr.js": "^1.9.1",
      "is-fullwidth-code-point": "^2.0.0",
      "jsonwebtoken": "^8.5.1",
      "jwa": "^1.4.1",
      "jws": "^3.2.2",
      "kareem": "^2.3.2",
      "lodash": "^4.17.21",
      "lodash.includes": "^4.3.0",
      "lodash.isboolean": "^3.0.3",
      "lodash.isinteger": "^4.0.4",
      "lodash.isnumber": "^3.0.3",
      "lodash.isplainobject": "^4.0.6",
      "lodash.isstring": "^4.0.1",
      "lodash.once": "^4.1.1",
      "lru-cache": "^6.0.0",
      "make-dir": "^3.1.0",
      "media-typer": "^0.3.0",
      "memory-pager": "^1.5.0",
      "merge-descriptors": "^1.0.1",
      "methods": "^1.1.2",
      "mime": "^1.6.0",
      "mime-db": "^1.51.0",
      "mime-types": "^2.1.34",
      "minimatch": "^3.0.4",
      "minipass": "^3.1.5",
      "minizlib": "^2.1.2",
      "mkdirp": "^1.0.4",
      "mongodb": "^4.1.4",
      "mongodb-connection-string-url": "^2.2.0",
      "mongoose": "^6.0.13",
      "morgan": "^1.10.0",
      "mpath": "^0.8.4",
      "mquery": "^4.0.0",
      "ms": "^2.0.0",
      "negotiator": "^0.6.2",
      "node-addon-api": "^3.2.1",
      "node-fetch": "^2.6.6",
      "nopt": "^5.0.0",
      "npmlog": "^5.0.1",
      "object-assign": "^4.1.1",
      "on-finished": "^2.3.0",
      "on-headers": "^1.0.2",
      "once": "^1.4.0",
      "parseurl": "^1.3.3",
      "path-is-absolute": "^1.0.1",
      "path-to-regexp": "^0.1.7",
      "proxy-addr": "^2.0.7",
      "punycode": "^2.1.1",
      "qs": "^6.7.0",
      "range-parser": "^1.2.1",
      "raw-body": "^2.4.0",
      "readable-stream": "^3.6.0",
      "regexp-clone": "^1.0.0",
      "require-directory": "^2.1.1",
      "rimraf": "^3.0.2",
      "rxjs": "^6.6.7",
      "safe-buffer": "^5.1.2",
      "safer-buffer": "^2.1.2",
      "saslprep": "^1.0.3",
      "semver": "^7.3.5",
      "send": "^0.17.1",
      "serve-static": "^1.14.1",
      "set-blocking": "^2.0.0",
      "setprototypeof": "^1.1.1",
      "sift": "^13.5.2",
      "signal-exit": "^3.0.5",
      "sliced": "^1.0.1",
      "sparse-bitfield": "^3.0.3",
      "spawn-command": "^0.0.2-1",
      "statuses": "^1.5.0",
      "string_decoder": "^1.3.0",
      "string-width": "^2.1.1",
      "strip-ansi": "^4.0.0",
      "supports-color": "^7.2.0",
      "tar": "^6.1.11",
      "toidentifier": "^1.0.0",
      "tr46": "^3.0.0",
      "tree-kill": "^1.2.2",
      "tslib": "^1.14.1",
      "type-is": "^1.6.18",
      "unpipe": "^1.0.0",
      "util-deprecate": "^1.0.2",
      "utils-merge": "^1.0.1",
      "vary": "^1.1.2",
      "webidl-conversions": "^7.0.0",
      "whatwg-url": "^11.0.0",
      "wide-align": "^1.1.5",
      "wrap-ansi": "^7.0.0",
      "wrappy": "^1.0.2",
      "y18n": "^5.0.8",
      "yallist": "^4.0.0",
      "yargs": "^16.2.0",
      "yargs-parser": "^20.2.9"
    },
    "devDependencies": {
      "autoprefixer": "^10.4.0",
      "postcss": "^8.4.1",
      "tailwindcss": "^2.2.19"
    }
  }

yarn manifest: 
  No manifest

Lockfile: 
  # THIS IS AN AUTOGENERATED FILE. DO NOT EDIT THIS FILE DIRECTLY.
  # yarn lockfile v1
  
  
  "@babel/code-frame@^7.0.0":
    "integrity" "sha512-IF4EOMEV+bfYwOmNxGzSnjR2EmQod7f1UXOpZM3l4i4o4QNwzjtJAu/HxdjHq0aYBvdqMuQEY1eg0nqW9ZPORA=="
    "resolved" "https://registry.npmjs.org/@babel/code-frame/-/code-frame-7.16.0.tgz"
    "version" "7.16.0"
    dependencies:
      "@babel/highlight" "^7.16.0"
  
  "@babel/helper-validator-identifier@^7.15.7":
    "integrity" "sha512-K4JvCtQqad9OY2+yTU8w+E82ywk/fe+ELNlt1G8z3bVGlZfn/hOcQQsUhGhW/N+tb3fxK800wLtKOE/aM0m72w=="
    "resolved" "https://registry.npmjs.org/@babel/helper-validator-identifier/-/helper-validator-identifier-7.15.7.tgz"
    "version" "7.15.7"
  
  "@babel/highlight@^7.16.0":
    "integrity" "sha512-t8MH41kUQylBtu2+4IQA3atqevA2lRgqA2wyVB/YiWmsDSuylZZuXOUy9ric30hfzauEFfdsuk/eXTRrGrfd0g=="
    "resolved" "https://registry.npmjs.org/@babel/highlight/-/highlight-7.16.0.tgz"
    "version" "7.16.0"
    dependencies:
      "@babel/helper-validator-identifier" "^7.15.7"
      "chalk" "^2.0.0"
      "js-tokens" "^4.0.0"
  
  "@mapbox/node-pre-gyp@^1.0.0":
    "integrity" "sha512-qK1ECws8UxuPqOA8F5LFD90vyVU33W7N3hGfgsOVfrJaRVc8McC3JClTDHpeSbL9CBrOHly/4GsNPAvIgNZE+g=="
    "resolved" "https://registry.npmjs.org/@mapbox/node-pre-gyp/-/node-pre-gyp-1.0.6.tgz"
    "version" "1.0.6"
    dependencies:
      "detect-libc" "^1.0.3"
      "https-proxy-agent" "^5.0.0"
      "make-dir" "^3.1.0"
      "node-fetch" "^2.6.5"
      "nopt" "^5.0.0"
      "npmlog" "^5.0.1"
      "rimraf" "^3.0.2"
      "semver" "^7.3.5"
      "tar" "^6.1.11"
  
  "@nodelib/fs.scandir@2.1.5":
    "integrity" "sha512-vq24Bq3ym5HEQm2NKCr3yXDwjc7vTsEThRDnkp2DK9p1uqLR+DHurm/NOTo0KG7HYHU7eppKZj3MyqYuMBf62g=="
    "resolved" "https://registry.npmjs.org/@nodelib/fs.scandir/-/fs.scandir-2.1.5.tgz"
    "version" "2.1.5"
    dependencies:
      "@nodelib/fs.stat" "2.0.5"
      "run-parallel" "^1.1.9"
  
  "@nodelib/fs.stat@^2.0.2", "@nodelib/fs.stat@2.0.5":
    "integrity" "sha512-RkhPPp2zrqDAQA/2jNhnztcPAlv64XdhIp7a7454A5ovI7Bukxgt7MX7udwAu3zg1DcpPU0rz3VV1SeaqvY4+A=="
    "resolved" "https://registry.npmjs.org/@nodelib/fs.stat/-/fs.stat-2.0.5.tgz"
    "version" "2.0.5"
  
  "@nodelib/fs.walk@^1.2.3":
    "integrity" "sha512-oGB+UxlgWcgQkgwo8GcEGwemoTFt3FIO9ababBmaGwXIoBKZ+GTy0pP185beGg7Llih/NSHSV2XAs1lnznocSg=="
    "resolved" "https://registry.npmjs.org/@nodelib/fs.walk/-/fs.walk-1.2.8.tgz"
    "version" "1.2.8"
    dependencies:
      "@nodelib/fs.scandir" "2.1.5"
      "fastq" "^1.6.0"
  
  "@types/node@*":
    "integrity" "sha512-QB5D2sqfSjCmTuWcBWyJ+/44bcjO7VbjSbOE0ucoVbAsSNQc4Lt6QkgkVXkTDwkL4z/beecZNDvVX15D4P8Jbw=="
    "resolved" "https://registry.npmjs.org/@types/node/-/node-16.11.7.tgz"
    "version" "16.11.7"
  
  "@types/parse-json@^4.0.0":
    "integrity" "sha512-//oorEZjL6sbPcKUaCdIGlIUeH26mgzimjBB77G6XRgnDl/L5wOnpyBGRe/Mmf5CVW3PwEBE1NjiMZ/ssFh4wA=="
    "resolved" "https://registry.npmjs.org/@types/parse-json/-/parse-json-4.0.0.tgz"
    "version" "4.0.0"
  
  "@types/webidl-conversions@*":
    "integrity" "sha512-XAahCdThVuCFDQLT7R7Pk/vqeObFNL3YqRyFZg+AqAP/W1/w3xHaIxuW7WszQqTbIBOPRcItYJIou3i/mppu3Q=="
    "resolved" "https://registry.npmjs.org/@types/webidl-conversions/-/webidl-conversions-6.1.1.tgz"
    "version" "6.1.1"
  
  "@types/whatwg-url@^8.2.1":
    "integrity" "sha512-2YubE1sjj5ifxievI5Ge1sckb9k/Er66HyR2c+3+I6VDUUg1TLPdYYTEbQ+DjRkS4nTxMJhgWfSfMRD2sl2EYQ=="
    "resolved" "https://registry.npmjs.org/@types/whatwg-url/-/whatwg-url-8.2.1.tgz"
    "version" "8.2.1"
    dependencies:
      "@types/node" "*"
      "@types/webidl-conversions" "*"
  
  "abbrev@^1.1.1", "abbrev@1":
    "integrity" "sha512-nne9/IiQ/hzIhY6pdDnbBtz7DjPTKrY00P/zvPSm5pOFkl6xuGrGnXn/VtTNNfNtAfZ9/1RtehkszU9qcTii0Q=="
    "resolved" "https://registry.npmjs.org/abbrev/-/abbrev-1.1.1.tgz"
    "version" "1.1.1"
  
  "accepts@^1.3.7", "accepts@~1.3.7":
    "integrity" "sha512-Il80Qs2WjYlJIBNzNkK6KYqlVMTbZLXgHx2oT0pU/fjRHyEp+PEfEPY0R3WCwAGVOtauxh1hOxNgIf5bv7dQpA=="
    "resolved" "https://registry.npmjs.org/accepts/-/accepts-1.3.7.tgz"
    "version" "1.3.7"
    dependencies:
      "mime-types" "~2.1.24"
      "negotiator" "0.6.2"
  
  "acorn-node@^1.6.1":
    "integrity" "sha512-8mt+fslDufLYntIoPAaIMUe/lrbrehIiwmR3t2k9LljIzoigEPF27eLk2hy8zSGzmR/ogr7zbRKINMo1u0yh5A=="
    "resolved" "https://registry.npmjs.org/acorn-node/-/acorn-node-1.8.2.tgz"
    "version" "1.8.2"
    dependencies:
      "acorn" "^7.0.0"
      "acorn-walk" "^7.0.0"
      "xtend" "^4.0.2"
  
  "acorn-walk@^7.0.0":
    "integrity" "sha512-OPdCF6GsMIP+Az+aWfAAOEt2/+iVDKE7oy6lJ098aoe59oAmK76qV6Gw60SbZ8jHuG2wH058GF4pLFbYamYrVA=="
    "resolved" "https://registry.npmjs.org/acorn-walk/-/acorn-walk-7.2.0.tgz"
    "version" "7.2.0"
  
  "acorn@^7.0.0":
    "integrity" "sha512-nQyp0o1/mNdbTO1PO6kHkwSrmgZ0MT/jCCpNiwbUjGoRN4dlBhqJtoQuCnEOKzgTVwg0ZWiCoQy6SxMebQVh8A=="
    "resolved" "https://registry.npmjs.org/acorn/-/acorn-7.4.1.tgz"
    "version" "7.4.1"
  
  "agent-base@^6.0.2", "agent-base@6":
    "integrity" "sha512-RZNwNclF7+MS/8bDg70amg32dyeZGZxiDuQmZxKLAlQjr3jGyLx+4Kkk58UO7D2QdgFIQCovuSuZESne6RG6XQ=="
    "resolved" "https://registry.npmjs.org/agent-base/-/agent-base-6.0.2.tgz"
    "version" "6.0.2"
    dependencies:
      "debug" "4"
  
  "ansi-regex@^3.0.0":
    "integrity" "sha1-7QMXwyIGT3lGbAKWa922Bas32Zg="
    "resolved" "https://registry.npmjs.org/ansi-regex/-/ansi-regex-3.0.0.tgz"
    "version" "3.0.0"
  
  "ansi-regex@^5.0.1":
    "integrity" "sha512-quJQXlTSUGL2LH9SUXo8VwsY4soanhgo6LNSm84E1LBcE8s3O0wpdiRzyR9z/ZZJMlMWv37qOOb9pdJlMUEKFQ=="
    "resolved" "https://registry.npmjs.org/ansi-regex/-/ansi-regex-5.0.1.tgz"
    "version" "5.0.1"
  
  "ansi-styles@^3.2.1":
    "integrity" "sha512-VT0ZI6kZRdTh8YyJw3SMbYm/u+NqfsAxEpWO0Pf9sq8/e94WxxOpPKx9FR1FlyCtOVDNOQ+8ntlqFxiRc+r5qA=="
    "resolved" "https://registry.npmjs.org/ansi-styles/-/ansi-styles-3.2.1.tgz"
    "version" "3.2.1"
    dependencies:
      "color-convert" "^1.9.0"
  
  "ansi-styles@^4.0.0", "ansi-styles@^4.1.0", "ansi-styles@^4.3.0":
    "integrity" "sha512-zbB9rCJAT1rbjiVDb2hqKFHNYLxgtk8NURxZ3IZwD3F6NtxbXZQCnnSi1Lkx+IDohdPlFp222wVALIheZJQSEg=="
    "resolved" "https://registry.npmjs.org/ansi-styles/-/ansi-styles-4.3.0.tgz"
    "version" "4.3.0"
    dependencies:
      "color-convert" "^2.0.1"
  
  "anymatch@~3.1.2":
    "integrity" "sha512-P43ePfOAIupkguHUycrc4qJ9kz8ZiuOUijaETwX7THt0Y/GNK7v0aa8rY816xWjZ7rJdA5XdMcpVFTKMq+RvWg=="
    "resolved" "https://registry.npmjs.org/anymatch/-/anymatch-3.1.2.tgz"
    "version" "3.1.2"
    dependencies:
      "normalize-path" "^3.0.0"
      "picomatch" "^2.0.4"
  
  "aproba@^1.0.3 || ^2.0.0", "aproba@^2.0.0":
    "integrity" "sha512-lYe4Gx7QT+MKGbDsA+Z+he/Wtef0BiwDOlK/XkBrdfsh9J/jPPXbX0tE9x9cl27Tmu5gg3QUbUrQYa/y+KOHPQ=="
    "resolved" "https://registry.npmjs.org/aproba/-/aproba-2.0.0.tgz"
    "version" "2.0.0"
  
  "are-we-there-yet@^2.0.0":
    "integrity" "sha512-Ci/qENmwHnsYo9xKIcUJN5LeDKdJ6R1Z1j9V/J5wyq8nh/mYPEpIKJbBZXtZjG04HiK7zV/p6Vs9952MrMeUIw=="
    "resolved" "https://registry.npmjs.org/are-we-there-yet/-/are-we-there-yet-2.0.0.tgz"
    "version" "2.0.0"
    dependencies:
      "delegates" "^1.0.0"
      "readable-stream" "^3.6.0"
  
  "arg@^5.0.1":
    "integrity" "sha512-e0hDa9H2Z9AwFkk2qDlwhoMYE4eToKarchkQHovNdLTCYMHZHeRjI71crOh+dio4K6u1IcwubQqo79Ga4CyAQA=="
    "resolved" "https://registry.npmjs.org/arg/-/arg-5.0.1.tgz"
    "version" "5.0.1"
  
  "array-flatten@^1.1.1", "array-flatten@1.1.1":
    "integrity" "sha1-ml9pkFGx5wczKPKgCJaLZOopVdI="
    "resolved" "https://registry.npmjs.org/array-flatten/-/array-flatten-1.1.1.tgz"
    "version" "1.1.1"
  
  "autoprefixer@^10.0.2", "autoprefixer@^10.4.0":
    "integrity" "sha512-7FdJ1ONtwzV1G43GDD0kpVMn/qbiNqyOPMFTX5nRffI+7vgWoFEc6DcXOxHJxrWNDXrZh18eDsZjvZGUljSRGA=="
    "resolved" "https://registry.npmjs.org/autoprefixer/-/autoprefixer-10.4.0.tgz"
    "version" "10.4.0"
    dependencies:
      "browserslist" "^4.17.5"
      "caniuse-lite" "^1.0.30001272"
      "fraction.js" "^4.1.1"
      "normalize-range" "^0.1.2"
      "picocolors" "^1.0.0"
      "postcss-value-parser" "^4.1.0"
  
  "balanced-match@^1.0.0", "balanced-match@^1.0.2":
    "integrity" "sha512-3oSeUO0TMV67hN1AmbXsK4yaqU7tjiHlbxRDZOpH0KW9+CeX4bRAaX0Anxt0tx2MrpRpWwQaPwIlISEJhYU5Pw=="
    "resolved" "https://registry.npmjs.org/balanced-match/-/balanced-match-1.0.2.tgz"
    "version" "1.0.2"
  
  "base64-js@^1.3.1", "base64-js@^1.5.1":
    "integrity" "sha512-AKpaYlHn8t4SVbOHCy+b5+KKgvR4vrsD8vbvrbiQJps7fKDTkjkDry6ji0rUJjC0kzbNePLwzxq8iypo41qeWA=="
    "resolved" "https://registry.npmjs.org/base64-js/-/base64-js-1.5.1.tgz"
    "version" "1.5.1"
  
  "basic-auth@^2.0.1", "basic-auth@~2.0.1":
    "integrity" "sha512-NF+epuEdnUYVlGuhaxbbq+dvJttwLnGY+YixlXlME5KpQ5W3CnXA5cVTneY3SPbPDRkcjMbifrwmFYcClgOZeg=="
    "resolved" "https://registry.npmjs.org/basic-auth/-/basic-auth-2.0.1.tgz"
    "version" "2.0.1"
    dependencies:
      "safe-buffer" "5.1.2"
  
  "bcrypt@^5.0.1":
    "integrity" "sha512-9BTgmrhZM2t1bNuDtrtIMVSmmxZBrJ71n8Wg+YgdjHuIWYF7SjjmCPZFB+/5i/o/PIeRpwVJR3P+NrpIItUjqw=="
    "resolved" "https://registry.npmjs.org/bcrypt/-/bcrypt-5.0.1.tgz"
    "version" "5.0.1"
    dependencies:
      "@mapbox/node-pre-gyp" "^1.0.0"
      "node-addon-api" "^3.1.0"
  
  "binary-extensions@^2.0.0":
    "integrity" "sha512-jDctJ/IVQbZoJykoeHbhXpOlNBqGNcwXJKJog42E5HDPUwQTSdjCHdihjj0DlnheQ7blbT6dHOafNAiS8ooQKA=="
    "resolved" "https://registry.npmjs.org/binary-extensions/-/binary-extensions-2.2.0.tgz"
    "version" "2.2.0"
  
  "body-parser@^1.19.0", "body-parser@1.19.0":
    "integrity" "sha512-dhEPs72UPbDnAQJ9ZKMNTP6ptJaionhP5cBb541nXPlW60Jepo9RV/a4fX4XWW9CuFNK22krhrj1+rgzifNCsw=="
    "resolved" "https://registry.npmjs.org/body-parser/-/body-parser-1.19.0.tgz"
    "version" "1.19.0"
    dependencies:
      "bytes" "3.1.0"
      "content-type" "~1.0.4"
      "debug" "2.6.9"
      "depd" "~1.1.2"
      "http-errors" "1.7.2"
      "iconv-lite" "0.4.24"
      "on-finished" "~2.3.0"
      "qs" "6.7.0"
      "raw-body" "2.4.0"
      "type-is" "~1.6.17"
  
  "brace-expansion@^1.1.11", "brace-expansion@^1.1.7":
    "integrity" "sha512-iCuPHDFgrHX7H2vEI/5xpz07zSHB00TpugqhmYtVmMO6518mCuRMoOYFldEBl0g187ufozdaHgWKcYFb61qGiA=="
    "resolved" "https://registry.npmjs.org/brace-expansion/-/brace-expansion-1.1.11.tgz"
    "version" "1.1.11"
    dependencies:
      "balanced-match" "^1.0.0"
      "concat-map" "0.0.1"
  
  "braces@^3.0.1", "braces@~3.0.2":
    "integrity" "sha512-b8um+L1RzM3WDSzvhm6gIz1yfTbBt6YTlcEKAvsmqCZZFw46z626lVj9j1yEPW33H5H+lBQpZMP1k8l+78Ha0A=="
    "resolved" "https://registry.npmjs.org/braces/-/braces-3.0.2.tgz"
    "version" "3.0.2"
    dependencies:
      "fill-range" "^7.0.1"
  
  "browserslist@^4.17.5":
    "integrity" "sha512-8ScCzdpPwR2wQh8IT82CA2VgDwjHyqMovPBZSNH54+tm4Jk2pCuv90gmAdH6J84OCRWi0b4gMe6O6XPXuJnjgQ=="
    "resolved" "https://registry.npmjs.org/browserslist/-/browserslist-4.18.1.tgz"
    "version" "4.18.1"
    dependencies:
      "caniuse-lite" "^1.0.30001280"
      "electron-to-chromium" "^1.3.896"
      "escalade" "^3.1.1"
      "node-releases" "^2.0.1"
      "picocolors" "^1.0.0"
  
  "bson@^4.2.2", "bson@^4.5.4":
    "integrity" "sha512-wIt0bPACnx8Ju9r6IsS2wVtGDHBr9Dxb+U29A1YED2pu8XOhS8aKjOnLZ8sxyXkPwanoK7iWWVhS1+coxde6xA=="
    "resolved" "https://registry.npmjs.org/bson/-/bson-4.5.4.tgz"
    "version" "4.5.4"
    dependencies:
      "buffer" "^5.6.0"
  
  "buffer-equal-constant-time@^1.0.1", "buffer-equal-constant-time@1.0.1":
    "integrity" "sha1-+OcRMvf/5uAaXJaXpMbz5I1cyBk="
    "resolved" "https://registry.npmjs.org/buffer-equal-constant-time/-/buffer-equal-constant-time-1.0.1.tgz"
    "version" "1.0.1"
  
  "buffer@^5.6.0", "buffer@^5.7.1":
    "integrity" "sha512-EHcyIPBQ4BSGlvjB16k5KgAJ27CIsHY/2JBmCRReo48y9rQ3MaUzWX3KVlBa4U7MyX02HdVj0K7C3WaB3ju7FQ=="
    "resolved" "https://registry.npmjs.org/buffer/-/buffer-5.7.1.tgz"
    "version" "5.7.1"
    dependencies:
      "base64-js" "^1.3.1"
      "ieee754" "^1.1.13"
  
  "bytes@^3.0.0", "bytes@^3.1.0":
    "integrity" "sha512-dWe4nWO/ruEOY7HkUJ5gFt1DCFV9zPRoJr8pV0/ASQermOZjtq8jMjOprC0Kd10GLN+l7xaUPvxzJFWtxGu8Fg=="
    "resolved" "https://registry.npmjs.org/bytes/-/bytes-3.1.1.tgz"
    "version" "3.1.1"
  
  "bytes@3.1.0":
    "integrity" "sha512-zauLjrfCG+xvoyaqLoV8bLVXXNGC4JqlxFCutSDWA6fJrTo2ZuvLYTqZ7aHBLZSMOopbzwv8f+wZcVzfVTI2Dg=="
    "resolved" "https://registry.npmjs.org/bytes/-/bytes-3.1.0.tgz"
    "version" "3.1.0"
  
  "call-bind@^1.0.0":
    "integrity" "sha512-7O+FbCihrB5WGbFYesctwmTKae6rOiIzmz1icreWJ+0aA7LJfuqhEso2T9ncpcFtzMQtzXf2QGGueWJGTYsqrA=="
    "resolved" "https://registry.npmjs.org/call-bind/-/call-bind-1.0.2.tgz"
    "version" "1.0.2"
    dependencies:
      "function-bind" "^1.1.1"
      "get-intrinsic" "^1.0.2"
  
  "callsites@^3.0.0":
    "integrity" "sha512-P8BjAsXvZS+VIDUI11hHCQEv74YT67YUi5JJFNWIqL235sBmjX4+qx9Muvls5ivyNENctx46xQLQ3aTuE7ssaQ=="
    "resolved" "https://registry.npmjs.org/callsites/-/callsites-3.1.0.tgz"
    "version" "3.1.0"
  
  "camelcase-css@^2.0.1":
    "integrity" "sha512-QOSvevhslijgYwRx6Rv7zKdMF8lbRmx+uQGx2+vDc+KI/eBnsy9kit5aj23AgGu3pa4t9AgwbnXWqS+iOY+2aA=="
    "resolved" "https://registry.npmjs.org/camelcase-css/-/camelcase-css-2.0.1.tgz"
    "version" "2.0.1"
  
  "caniuse-lite@^1.0.30001272", "caniuse-lite@^1.0.30001280":
    "integrity" "sha512-9RoKo841j1GQFSJz/nCXOj0sD7tHBtlowjYlrqIUS812x9/emfBLBt6IyMz1zIaYc/eRL8Cs6HPUVi2Hzq4sIg=="
    "resolved" "https://registry.npmjs.org/caniuse-lite/-/caniuse-lite-1.0.30001283.tgz"
    "version" "1.0.30001283"
  
  "chalk@^2.0.0":
    "integrity" "sha512-Mti+f9lpJNcwF4tWV8/OrTTtF1gZi+f8FqlyAdouralcFWFQWF2+NgCHShjkCb+IFBLq9buZwE1xckQU4peSuQ=="
    "resolved" "https://registry.npmjs.org/chalk/-/chalk-2.4.2.tgz"
    "version" "2.4.2"
    dependencies:
      "ansi-styles" "^3.2.1"
      "escape-string-regexp" "^1.0.5"
      "supports-color" "^5.3.0"
  
  "chalk@^4.1.0", "chalk@^4.1.2":
    "integrity" "sha512-oKnbhFyRIXpUuez8iBMmyEa4nbj4IOQyuhc/wy9kY7/WVPcwIO9VA668Pu8RkO7+0G76SLROeyw9CpQ061i4mA=="
    "resolved" "https://registry.npmjs.org/chalk/-/chalk-4.1.2.tgz"
    "version" "4.1.2"
    dependencies:
      "ansi-styles" "^4.1.0"
      "supports-color" "^7.1.0"
  
  "chokidar@^3.5.2":
    "integrity" "sha512-ekGhOnNVPgT77r4K/U3GDhu+FQ2S8TnK/s2KbIGXi0SZWuwkZ2QNyfWdZW+TVfn84DpEP7rLeCt2UI6bJ8GwbQ=="
    "resolved" "https://registry.npmjs.org/chokidar/-/chokidar-3.5.2.tgz"
    "version" "3.5.2"
    dependencies:
      "anymatch" "~3.1.2"
      "braces" "~3.0.2"
      "glob-parent" "~5.1.2"
      "is-binary-path" "~2.1.0"
      "is-glob" "~4.0.1"
      "normalize-path" "~3.0.0"
      "readdirp" "~3.6.0"
    optionalDependencies:
      "fsevents" "~2.3.2"
  
  "chownr@^2.0.0":
    "integrity" "sha512-bIomtDF5KGpdogkLd9VspvFzk9KfpyyGlS8YFVZl7TGPBHL5snIOnxeshwVgPteQ9b4Eydl+pVbIyE1DcvCWgQ=="
    "resolved" "https://registry.npmjs.org/chownr/-/chownr-2.0.0.tgz"
    "version" "2.0.0"
  
  "cliui@^7.0.2", "cliui@^7.0.4":
    "integrity" "sha512-OcRE68cOsVMXp1Yvonl/fzkQOyjLSu/8bhPDfQt0e0/Eb283TKP20Fs2MqoPsr9SwA595rRCA+QMzYc9nBP+JQ=="
    "resolved" "https://registry.npmjs.org/cliui/-/cliui-7.0.4.tgz"
    "version" "7.0.4"
    dependencies:
      "string-width" "^4.2.0"
      "strip-ansi" "^6.0.0"
      "wrap-ansi" "^7.0.0"
  
  "color-convert@^1.9.0":
    "integrity" "sha512-QfAUtd+vFdAtFQcC8CCyYt1fYWxSqAiK2cSD6zDB8N3cpsEBAvRxp9zOGg6G/SHHJYAT88/az/IuDGALsNVbGg=="
    "resolved" "https://registry.npmjs.org/color-convert/-/color-convert-1.9.3.tgz"
    "version" "1.9.3"
    dependencies:
      "color-name" "1.1.3"
  
  "color-convert@^2.0.1":
    "integrity" "sha512-RRECPsj7iu/xb5oKYcsFHSppFNnsj/52OVTRKb4zP5onXwVF3zVmmToNcOfGC+CRDpfK/U584fMg38ZHCaElKQ=="
    "resolved" "https://registry.npmjs.org/color-convert/-/color-convert-2.0.1.tgz"
    "version" "2.0.1"
    dependencies:
      "color-name" "~1.1.4"
  
  "color-name@^1.0.0", "color-name@^1.1.4", "color-name@~1.1.4":
    "integrity" "sha512-dOy+3AuW3a2wNbZHIuMZpTcgjGuLU/uBL/ubcZF9OXbDo8ff4O8yVp5Bf0efS8uEoYo5q4Fx7dY9OgQGXgAsQA=="
    "resolved" "https://registry.npmjs.org/color-name/-/color-name-1.1.4.tgz"
    "version" "1.1.4"
  
  "color-name@1.1.3":
    "integrity" "sha1-p9BVi9icQveV3UIyj3QIMcpTvCU="
    "resolved" "https://registry.npmjs.org/color-name/-/color-name-1.1.3.tgz"
    "version" "1.1.3"
  
  "color-string@^1.7.4":
    "integrity" "sha512-nVdUvPVgZMpRQad5dcsCMOSB5BXLljklTiaxS6ehhKxDsAI5sD7k5VmFuBt1y3Rlym8uulc/ANUN/bMWtBu6Sg=="
    "resolved" "https://registry.npmjs.org/color-string/-/color-string-1.7.4.tgz"
    "version" "1.7.4"
    dependencies:
      "color-name" "^1.0.0"
      "simple-swizzle" "^0.2.2"
  
  "color-support@^1.1.2", "color-support@^1.1.3":
    "integrity" "sha512-qiBjkpbMLO/HL68y+lh4q0/O1MZFj2RX6X/KmMa3+gJD3z+WwI1ZzDHysvqHGS3mP6mznPckpXmw1nI9cJjyRg=="
    "resolved" "https://registry.npmjs.org/color-support/-/color-support-1.1.3.tgz"
    "version" "1.1.3"
  
  "color@^4.0.1":
    "integrity" "sha512-fSu0jW2aKQG2FHlDywqdFPdabJHsUdZ0xabSt3wFZdcgRKtLnUHs19nUtuFuLGVMFhINGgfZEIjbUOsGZXGu7Q=="
    "resolved" "https://registry.npmjs.org/color/-/color-4.0.2.tgz"
    "version" "4.0.2"
    dependencies:
      "color-convert" "^2.0.1"
      "color-string" "^1.7.4"
  
  "commander@^6.0.0":
    "integrity" "sha512-U7VdrJFnJgo4xjrHpTzu0yrHPGImdsmD95ZlgYSEajAn2JKzDhDTPG9kBTefmObL2w/ngeZnilk+OV9CG3d7UA=="
    "resolved" "https://registry.npmjs.org/commander/-/commander-6.2.1.tgz"
    "version" "6.2.1"
  
  "concat-map@^0.0.1", "concat-map@0.0.1":
    "integrity" "sha1-2Klr13/Wjfd5OnMDajug1UBdR3s="
    "resolved" "https://registry.npmjs.org/concat-map/-/concat-map-0.0.1.tgz"
    "version" "0.0.1"
  
  "concurrently@^6.4.0":
    "integrity" "sha512-HZ3D0RTQMH3oS4gvtYj1P+NBc6PzE2McEra6yEFcQKrUQ9HvtTGU4Dbne083F034p+LRb7kWU0tPRNvSGs1UCQ=="
    "resolved" "https://registry.npmjs.org/concurrently/-/concurrently-6.4.0.tgz"
    "version" "6.4.0"
    dependencies:
      "chalk" "^4.1.0"
      "date-fns" "^2.16.1"
      "lodash" "^4.17.21"
      "rxjs" "^6.6.3"
      "spawn-command" "^0.0.2-1"
      "supports-color" "^8.1.0"
      "tree-kill" "^1.2.2"
      "yargs" "^16.2.0"
  
  "console-control-strings@^1.0.0", "console-control-strings@^1.1.0":
    "integrity" "sha1-PXz0Rk22RG6mRL9LOVB/mFEAjo4="
    "resolved" "https://registry.npmjs.org/console-control-strings/-/console-control-strings-1.1.0.tgz"
    "version" "1.1.0"
  
  "content-disposition@^0.5.3", "content-disposition@0.5.3":
    "integrity" "sha512-ExO0774ikEObIAEV9kDo50o+79VCUdEB6n6lzKgGwupcVeRlhrj3qGAfwq8G6uBJjkqLrhT0qEYFcWng8z1z0g=="
    "resolved" "https://registry.npmjs.org/content-disposition/-/content-disposition-0.5.3.tgz"
    "version" "0.5.3"
    dependencies:
      "safe-buffer" "5.1.2"
  
  "content-type@^1.0.4", "content-type@~1.0.4":
    "integrity" "sha512-hIP3EEPs8tB9AT1L+NUqtwOAps4mk2Zob89MWXMHjHWg9milF/j4osnnQLXBCBFBk/tvIG/tUc9mOUJiPBhPXA=="
    "resolved" "https://registry.npmjs.org/content-type/-/content-type-1.0.4.tgz"
    "version" "1.0.4"
  
  "cookie-signature@^1.0.6":
    "integrity" "sha512-Alvs19Vgq07eunykd3Xy2jF0/qSNv2u7KDbAek9H5liV1UMijbqFs5cycZvv5dVsvseT/U4H8/7/w8Koh35C4A=="
    "resolved" "https://registry.npmjs.org/cookie-signature/-/cookie-signature-1.1.0.tgz"
    "version" "1.1.0"
  
  "cookie-signature@1.0.6":
    "integrity" "sha1-4wOogrNCzD7oylE6eZmXNNqzriw="
    "resolved" "https://registry.npmjs.org/cookie-signature/-/cookie-signature-1.0.6.tgz"
    "version" "1.0.6"
  
  "cookie@^0.4.0":
    "integrity" "sha512-ZwrFkGJxUR3EIoXtO+yVE69Eb7KlixbaeAWfBQB9vVsNn/o+Yw69gBWSSDK825hQNdN+wF8zELf3dFNl/kxkUA=="
    "resolved" "https://registry.npmjs.org/cookie/-/cookie-0.4.1.tgz"
    "version" "0.4.1"
  
  "cookie@0.4.0":
    "integrity" "sha512-+Hp8fLp57wnUSt0tY0tHEXh4voZRDnoIrZPqlo3DPiI4y9lwg/jqx+1Om94/W6ZaPDOUbnjOt/99w66zk+l1Xg=="
    "resolved" "https://registry.npmjs.org/cookie/-/cookie-0.4.0.tgz"
    "version" "0.4.0"
  
  "cors@^2.8.5":
    "integrity" "sha512-KIHbLJqu73RGr/hnbrO9uBeixNGuvSQjul/jdFvS/KFSIH1hWVd1ng7zOHx+YrEfInLG7q4n6GHQ9cDtxv/P6g=="
    "resolved" "https://registry.npmjs.org/cors/-/cors-2.8.5.tgz"
    "version" "2.8.5"
    dependencies:
      "object-assign" "^4"
      "vary" "^1"
  
  "cosmiconfig@^7.0.1":
    "integrity" "sha512-a1YWNUV2HwGimB7dU2s1wUMurNKjpx60HxBB6xUM8Re+2s1g1IIfJvFR0/iCF+XHdE0GMTKTuLR32UQff4TEyQ=="
    "resolved" "https://registry.npmjs.org/cosmiconfig/-/cosmiconfig-7.0.1.tgz"
    "version" "7.0.1"
    dependencies:
      "@types/parse-json" "^4.0.0"
      "import-fresh" "^3.2.1"
      "parse-json" "^5.0.0"
      "path-type" "^4.0.0"
      "yaml" "^1.10.0"
  
  "css-color-names@^0.0.4":
    "integrity" "sha1-gIrcLnnPhHOAabZGyyDsJ762KeA="
    "resolved" "https://registry.npmjs.org/css-color-names/-/css-color-names-0.0.4.tgz"
    "version" "0.0.4"
  
  "css-unit-converter@^1.1.1":
    "integrity" "sha512-IiJwMC8rdZE0+xiEZHeru6YoONC4rfPMqGm2W85jMIbkFvv5nFTwJVFHam2eFrN6txmoUYFAFXiv8ICVeTO0MA=="
    "resolved" "https://registry.npmjs.org/css-unit-converter/-/css-unit-converter-1.1.2.tgz"
    "version" "1.1.2"
  
  "cssesc@^3.0.0":
    "integrity" "sha512-/Tb/JcjK111nNScGob5MNtsntNM1aCNUDipB/TkwZFhyDrrE47SOx/18wF2bbjgc3ZzCSKW1T5nt5EbFoAz/Vg=="
    "resolved" "https://registry.npmjs.org/cssesc/-/cssesc-3.0.0.tgz"
    "version" "3.0.0"
  
  "date-fns@^2.16.1", "date-fns@^2.25.0":
    "integrity" "sha512-ovYRFnTrbGPD4nqaEqescPEv1mNwvt+UTqI3Ay9SzNtey9NZnYu6E2qCcBBgJ6/2VF1zGGygpyTDITqpQQ5e+w=="
    "resolved" "https://registry.npmjs.org/date-fns/-/date-fns-2.25.0.tgz"
    "version" "2.25.0"
  
  "debug@^2.6.9", "debug@2.6.9":
    "integrity" "sha512-bC7ElrdJaJnPbAP+1EotYvqZsb3ecl5wi6Bfi6BJTUcNowp6cvspg0jXznRTKDjm/E7AdgFBVeAPVMNcKGsHMA=="
    "resolved" "https://registry.npmjs.org/debug/-/debug-2.6.9.tgz"
    "version" "2.6.9"
    dependencies:
      "ms" "2.0.0"
  
  "debug@4.x":
    "integrity" "sha512-mOp8wKcvj7XxC78zLgw/ZA+6TSgkoE2C/ienthhRD298T7UNwAg9diBpLRxC0mOezLl4B0xV7M0cCO6P/O0Xhw=="
    "resolved" "https://registry.npmjs.org/debug/-/debug-4.3.2.tgz"
    "version" "4.3.2"
    dependencies:
      "ms" "2.1.2"
  
  "debug@4":
    "integrity" "sha512-mOp8wKcvj7XxC78zLgw/ZA+6TSgkoE2C/ienthhRD298T7UNwAg9diBpLRxC0mOezLl4B0xV7M0cCO6P/O0Xhw=="
    "resolved" "https://registry.npmjs.org/debug/-/debug-4.3.2.tgz"
    "version" "4.3.2"
    dependencies:
      "ms" "2.1.2"
  
  "defined@^1.0.0":
    "integrity" "sha1-yY2bzvdWdBiOEQlpFRGZ45sfppM="
    "resolved" "https://registry.npmjs.org/defined/-/defined-1.0.0.tgz"
    "version" "1.0.0"
  
  "delegates@^1.0.0":
    "integrity" "sha1-hMbhWbgZBP3KWaDvRM2HDTElD5o="
    "resolved" "https://registry.npmjs.org/delegates/-/delegates-1.0.0.tgz"
    "version" "1.0.0"
  
  "denque@^2.0.1":
    "integrity" "sha512-tfiWc6BQLXNLpNiR5iGd0Ocu3P3VpxfzFiqubLgMfhfOw9WyvgJBd46CClNn9k3qfbjvT//0cf7AlYRX/OslMQ=="
    "resolved" "https://registry.npmjs.org/denque/-/denque-2.0.1.tgz"
    "version" "2.0.1"
  
  "depd@^1.1.2", "depd@~1.1.2":
    "integrity" "sha1-m81S4UwJd2PnSbJ0xDRu0uVgtak="
    "resolved" "https://registry.npmjs.org/depd/-/depd-1.1.2.tgz"
    "version" "1.1.2"
  
  "depd@~2.0.0":
    "integrity" "sha512-g7nH6P6dyDioJogAAGprGpCtVImJhpPk/roCzdb3fIh61/s/nPsfR6onyMwkCAR/OlC3yBC0lESvUoQEAssIrw=="
    "resolved" "https://registry.npmjs.org/depd/-/depd-2.0.0.tgz"
    "version" "2.0.0"
  
  "destroy@^1.0.4", "destroy@~1.0.4":
    "integrity" "sha1-l4hXRCxEdJ5CBmE+N5RiBYJqvYA="
    "resolved" "https://registry.npmjs.org/destroy/-/destroy-1.0.4.tgz"
    "version" "1.0.4"
  
  "detect-libc@^1.0.3":
    "integrity" "sha1-+hN8S9aY7fVc1c0CrFWfkaTEups="
    "resolved" "https://registry.npmjs.org/detect-libc/-/detect-libc-1.0.3.tgz"
    "version" "1.0.3"
  
  "detective@^5.2.0":
    "integrity" "sha512-6SsIx+nUUbuK0EthKjv0zrdnajCCXVYGmbYYiYjFVpzcjwEs/JMDZ8tPRG29J/HhN56t3GJp2cGSWDRjjot8Pg=="
    "resolved" "https://registry.npmjs.org/detective/-/detective-5.2.0.tgz"
    "version" "5.2.0"
    dependencies:
      "acorn-node" "^1.6.1"
      "defined" "^1.0.0"
      "minimist" "^1.1.1"
  
  "didyoumean@^1.2.2":
    "integrity" "sha512-gxtyfqMg7GKyhQmb056K7M3xszy/myH8w+B4RT+QXBQsvAOdc3XymqDDPHx1BgPgsdAA5SIifona89YtRATDzw=="
    "resolved" "https://registry.npmjs.org/didyoumean/-/didyoumean-1.2.2.tgz"
    "version" "1.2.2"
  
  "dlv@^1.1.3":
    "integrity" "sha512-+HlytyjlPKnIG8XuRG8WvmBP8xs8P71y+SKKS6ZXWoEgLuePxtDoUEiH7WkdePWrQ5JBpE6aoVqfZfJUQkjXwA=="
    "resolved" "https://registry.npmjs.org/dlv/-/dlv-1.1.3.tgz"
    "version" "1.1.3"
  
  "dotenv@^10.0.0":
    "integrity" "sha512-rlBi9d8jpv9Sf1klPjNfFAuWDjKLwTIJJ/VxtoTwIR6hnZxcEOQCZg2oIL3MWBYw5GpUDKOEnND7LXTbIpQ03Q=="
    "resolved" "https://registry.npmjs.org/dotenv/-/dotenv-10.0.0.tgz"
    "version" "10.0.0"
  
  "ecdsa-sig-formatter@^1.0.11", "ecdsa-sig-formatter@1.0.11":
    "integrity" "sha512-nagl3RYrbNv6kQkeJIpt6NJZy8twLB/2vtz6yN9Z4vRKHN4/QZJIEbqohALSgwKdnksuY3k5Addp5lg8sVoVcQ=="
    "resolved" "https://registry.npmjs.org/ecdsa-sig-formatter/-/ecdsa-sig-formatter-1.0.11.tgz"
    "version" "1.0.11"
    dependencies:
      "safe-buffer" "^5.0.1"
  
  "ee-first@^1.1.1", "ee-first@1.1.1":
    "integrity" "sha1-WQxhFWsK4vTwJVcyoViyZrxWsh0="
    "resolved" "https://registry.npmjs.org/ee-first/-/ee-first-1.1.1.tgz"
    "version" "1.1.1"
  
  "electron-to-chromium@^1.3.896":
    "integrity" "sha512-hfpppjYhqIZB8jrNb0rNceQRkSnBN7QJl3W26O1jUv3F3BkQknqy1YTqVXkFnIcFtBc3Qnv5M7r5Lez2iOLgZA=="
    "resolved" "https://registry.npmjs.org/electron-to-chromium/-/electron-to-chromium-1.4.3.tgz"
    "version" "1.4.3"
  
  "emoji-regex@^8.0.0":
    "integrity" "sha512-MSjYzcWNOA0ewAHpz0MxpYFvwg6yjy1NG3xteoqz644VCo/RPgnr1/GGt+ic3iJTzQ8Eu3TdM14SawnVUmGE6A=="
    "resolved" "https://registry.npmjs.org/emoji-regex/-/emoji-regex-8.0.0.tgz"
    "version" "8.0.0"
  
  "encodeurl@^1.0.2", "encodeurl@~1.0.2":
    "integrity" "sha1-rT/0yG7C0CkyL1oCw6mmBslbP1k="
    "resolved" "https://registry.npmjs.org/encodeurl/-/encodeurl-1.0.2.tgz"
    "version" "1.0.2"
  
  "error-ex@^1.3.1":
    "integrity" "sha512-7dFHNmqeFSEt2ZBsCriorKnn3Z2pj+fd9kmI6QoWw4//DL+icEBfc0U7qJCisqrTsKTjw4fNFy2pW9OqStD84g=="
    "resolved" "https://registry.npmjs.org/error-ex/-/error-ex-1.3.2.tgz"
    "version" "1.3.2"
    dependencies:
      "is-arrayish" "^0.2.1"
  
  "escalade@^3.1.1":
    "integrity" "sha512-k0er2gUkLf8O0zKJiAhmkTnJlTvINGv7ygDNPbeIsX/TJjGJZHuh9B2UxbsaEkmlEo9MfhrSzmhIlhRlI2GXnw=="
    "resolved" "https://registry.npmjs.org/escalade/-/escalade-3.1.1.tgz"
    "version" "3.1.1"
  
  "escape-html@^1.0.3", "escape-html@~1.0.3":
    "integrity" "sha1-Aljq5NPQwJdN4cFpGI7wBR0dGYg="
    "resolved" "https://registry.npmjs.org/escape-html/-/escape-html-1.0.3.tgz"
    "version" "1.0.3"
  
  "escape-string-regexp@^1.0.5":
    "integrity" "sha1-G2HAViGQqN/2rjuyzwIAyhMLhtQ="
    "resolved" "https://registry.npmjs.org/escape-string-regexp/-/escape-string-regexp-1.0.5.tgz"
    "version" "1.0.5"
  
  "etag@^1.8.1", "etag@~1.8.1":
    "integrity" "sha1-Qa4u62XvpiJorr/qg6x9eSmbCIc="
    "resolved" "https://registry.npmjs.org/etag/-/etag-1.8.1.tgz"
    "version" "1.8.1"
  
  "express@^4.17.1":
    "integrity" "sha512-mHJ9O79RqluphRrcw2X/GTh3k9tVv8YcoyY4Kkh4WDMUYKRZUq0h1o0w2rrrxBqM7VoeUVqgb27xlEMXTnYt4g=="
    "resolved" "https://registry.npmjs.org/express/-/express-4.17.1.tgz"
    "version" "4.17.1"
    dependencies:
      "accepts" "~1.3.7"
      "array-flatten" "1.1.1"
      "body-parser" "1.19.0"
      "content-disposition" "0.5.3"
      "content-type" "~1.0.4"
      "cookie" "0.4.0"
      "cookie-signature" "1.0.6"
      "debug" "2.6.9"
      "depd" "~1.1.2"
      "encodeurl" "~1.0.2"
      "escape-html" "~1.0.3"
      "etag" "~1.8.1"
      "finalhandler" "~1.1.2"
      "fresh" "0.5.2"
      "merge-descriptors" "1.0.1"
      "methods" "~1.1.2"
      "on-finished" "~2.3.0"
      "parseurl" "~1.3.3"
      "path-to-regexp" "0.1.7"
      "proxy-addr" "~2.0.5"
      "qs" "6.7.0"
      "range-parser" "~1.2.1"
      "safe-buffer" "5.1.2"
      "send" "0.17.1"
      "serve-static" "1.14.1"
      "setprototypeof" "1.1.1"
      "statuses" "~1.5.0"
      "type-is" "~1.6.18"
      "utils-merge" "1.0.1"
      "vary" "~1.1.2"
  
  "fast-glob@^3.2.7":
    "integrity" "sha512-rYGMRwip6lUMvYD3BTScMwT1HtAs2d71SMv66Vrxs0IekGZEjhM0pcMfjQPnknBt2zeCwQMEupiN02ZP4DiT1Q=="
    "resolved" "https://registry.npmjs.org/fast-glob/-/fast-glob-3.2.7.tgz"
    "version" "3.2.7"
    dependencies:
      "@nodelib/fs.stat" "^2.0.2"
      "@nodelib/fs.walk" "^1.2.3"
      "glob-parent" "^5.1.2"
      "merge2" "^1.3.0"
      "micromatch" "^4.0.4"
  
  "fastq@^1.6.0":
    "integrity" "sha512-YpkpUnK8od0o1hmeSc7UUs/eB/vIPWJYjKck2QKIzAf71Vm1AAQ3EbuZB3g2JIy+pg+ERD0vqI79KyZiB2e2Nw=="
    "resolved" "https://registry.npmjs.org/fastq/-/fastq-1.13.0.tgz"
    "version" "1.13.0"
    dependencies:
      "reusify" "^1.0.4"
  
  "fill-range@^7.0.1":
    "integrity" "sha512-qOo9F+dMUmC2Lcb4BbVvnKJxTPjCm+RRpe4gDuGrzkL7mEVl/djYSu2OdQ2Pa302N4oqkSg9ir6jaLWJ2USVpQ=="
    "resolved" "https://registry.npmjs.org/fill-range/-/fill-range-7.0.1.tgz"
    "version" "7.0.1"
    dependencies:
      "to-regex-range" "^5.0.1"
  
  "finalhandler@^1.1.2", "finalhandler@~1.1.2":
    "integrity" "sha512-aAWcW57uxVNrQZqFXjITpW3sIUQmHGG3qSb9mUah9MgMC4NeWhNOlNjXEYq3HjRAvL6arUviZGGJsBg6z0zsWA=="
    "resolved" "https://registry.npmjs.org/finalhandler/-/finalhandler-1.1.2.tgz"
    "version" "1.1.2"
    dependencies:
      "debug" "2.6.9"
      "encodeurl" "~1.0.2"
      "escape-html" "~1.0.3"
      "on-finished" "~2.3.0"
      "parseurl" "~1.3.3"
      "statuses" "~1.5.0"
      "unpipe" "~1.0.0"
  
  "forwarded@^0.2.0", "forwarded@0.2.0":
    "integrity" "sha512-buRG0fpBtRHSTCOASe6hD258tEubFoRLb4ZNA6NxMVHNw2gOcwHo9wyablzMzOA5z9xA9L1KNjk/Nt6MT9aYow=="
    "resolved" "https://registry.npmjs.org/forwarded/-/forwarded-0.2.0.tgz"
    "version" "0.2.0"
  
  "fraction.js@^4.1.1":
    "integrity" "sha512-o2RiJQ6DZaR/5+Si0qJUIy637QMRudSi9kU/FFzx9EZazrIdnBgpU+3sEWCxAVhH2RtxW2Oz+T4p2o8uOPVcgA=="
    "resolved" "https://registry.npmjs.org/fraction.js/-/fraction.js-4.1.2.tgz"
    "version" "4.1.2"
  
  "fresh@^0.5.2", "fresh@0.5.2":
    "integrity" "sha1-PYyt2Q2XZWn6g1qx+OSyOhBWBac="
    "resolved" "https://registry.npmjs.org/fresh/-/fresh-0.5.2.tgz"
    "version" "0.5.2"
  
  "fs-extra@^10.0.0":
    "integrity" "sha512-C5owb14u9eJwizKGdchcDUQeFtlSHHthBk8pbX9Vc1PFZrLombudjDnNns88aYslCyF6IY5SUw3Roz6xShcEIQ=="
    "resolved" "https://registry.npmjs.org/fs-extra/-/fs-extra-10.0.0.tgz"
    "version" "10.0.0"
    dependencies:
      "graceful-fs" "^4.2.0"
      "jsonfile" "^6.0.1"
      "universalify" "^2.0.0"
  
  "fs-minipass@^2.0.0", "fs-minipass@^2.1.0":
    "integrity" "sha512-V/JgOLFCS+R6Vcq0slCuaeWEdNC3ouDlJMNIsacH2VtALiu9mV4LPrHc5cDl8k5aw6J8jwgWWpiTo5RYhmIzvg=="
    "resolved" "https://registry.npmjs.org/fs-minipass/-/fs-minipass-2.1.0.tgz"
    "version" "2.1.0"
    dependencies:
      "minipass" "^3.0.0"
  
  "fs.realpath@^1.0.0":
    "integrity" "sha1-FQStJSMVjKpA20onh8sBQRmU6k8="
    "resolved" "https://registry.npmjs.org/fs.realpath/-/fs.realpath-1.0.0.tgz"
    "version" "1.0.0"
  
  "fsevents@~2.3.2":
    "integrity" "sha512-xiqMQR4xAeHTuB9uWm+fFRcIOgKBMiOBP+eXiyT7jsgVCq1bkVygt00oASowB7EdtpOHaaPgKt812P9ab+DDKA=="
    "resolved" "https://registry.npmjs.org/fsevents/-/fsevents-2.3.2.tgz"
    "version" "2.3.2"
  
  "function-bind@^1.1.1":
    "integrity" "sha512-yIovAzMX49sF8Yl58fSCWJ5svSLuaibPxXQJFLmBObTuCr0Mf1KiPopGM9NiFjiYBCbfaa2Fh6breQ6ANVTI0A=="
    "resolved" "https://registry.npmjs.org/function-bind/-/function-bind-1.1.1.tgz"
    "version" "1.1.1"
  
  "gauge@^3.0.0", "gauge@^3.0.1":
    "integrity" "sha512-6STz6KdQgxO4S/ko+AbjlFGGdGcknluoqU+79GOFCDqqyYj5OanQf9AjxwN0jCidtT+ziPMmPSt9E4hfQ0CwIQ=="
    "resolved" "https://registry.npmjs.org/gauge/-/gauge-3.0.1.tgz"
    "version" "3.0.1"
    dependencies:
      "aproba" "^1.0.3 || ^2.0.0"
      "color-support" "^1.1.2"
      "console-control-strings" "^1.0.0"
      "has-unicode" "^2.0.1"
      "object-assign" "^4.1.1"
      "signal-exit" "^3.0.0"
      "string-width" "^1.0.1 || ^2.0.0"
      "strip-ansi" "^3.0.1 || ^4.0.0"
      "wide-align" "^1.1.2"
  
  "get-caller-file@^2.0.5":
    "integrity" "sha512-DyFP3BM/3YHTQOCUL/w0OZHR0lpKeGrxotcHWcqNEdnltqFwXVfhEBQ94eIo34AfQpo0rGki4cyIiftY06h2Fg=="
    "resolved" "https://registry.npmjs.org/get-caller-file/-/get-caller-file-2.0.5.tgz"
    "version" "2.0.5"
  
  "get-intrinsic@^1.0.2":
    "integrity" "sha512-kWZrnVM42QCiEA2Ig1bG8zjoIMOgxWwYCEeNdwY6Tv/cOSeGpcoX4pXHfKUxNKVoArnrEr2e9srnAxxGIraS9Q=="
    "resolved" "https://registry.npmjs.org/get-intrinsic/-/get-intrinsic-1.1.1.tgz"
    "version" "1.1.1"
    dependencies:
      "function-bind" "^1.1.1"
      "has" "^1.0.3"
      "has-symbols" "^1.0.1"
  
  "glob-parent@^5.1.2":
    "integrity" "sha512-AOIgSQCepiJYwP3ARnGx+5VnTu2HBYdzbGP45eLw1vr3zB3vZLeyed1sC9hnbcOc9/SrMyM5RPQrkGz4aS9Zow=="
    "resolved" "https://registry.npmjs.org/glob-parent/-/glob-parent-5.1.2.tgz"
    "version" "5.1.2"
    dependencies:
      "is-glob" "^4.0.1"
  
  "glob-parent@^6.0.1":
    "integrity" "sha512-XxwI8EOhVQgWp6iDL+3b0r86f4d6AX6zSU55HfB4ydCEuXLXc5FcYeOu+nnGftS4TEju/11rt4KJPTMgbfmv4A=="
    "resolved" "https://registry.npmjs.org/glob-parent/-/glob-parent-6.0.2.tgz"
    "version" "6.0.2"
    dependencies:
      "is-glob" "^4.0.3"
  
  "glob-parent@~5.1.2":
    "integrity" "sha512-AOIgSQCepiJYwP3ARnGx+5VnTu2HBYdzbGP45eLw1vr3zB3vZLeyed1sC9hnbcOc9/SrMyM5RPQrkGz4aS9Zow=="
    "resolved" "https://registry.npmjs.org/glob-parent/-/glob-parent-5.1.2.tgz"
    "version" "5.1.2"
    dependencies:
      "is-glob" "^4.0.1"
  
  "glob@^7.0.0", "glob@^7.1.3", "glob@^7.2.0":
    "integrity" "sha512-lmLf6gtyrPq8tTjSmrO94wBeQbFR3HbLHbuyD69wuyQkImp2hWqMGB47OX65FBkPffO641IP9jWa1z4ivqG26Q=="
    "resolved" "https://registry.npmjs.org/glob/-/glob-7.2.0.tgz"
    "version" "7.2.0"
    dependencies:
      "fs.realpath" "^1.0.0"
      "inflight" "^1.0.4"
      "inherits" "2"
      "minimatch" "^3.0.4"
      "once" "^1.3.0"
      "path-is-absolute" "^1.0.0"
  
  "graceful-fs@^4.1.6", "graceful-fs@^4.2.0":
    "integrity" "sha512-qkIilPUYcNhJpd33n0GBXTB1MMPp14TxEsEs0pTrsSVucApsYzW5V+Q8Qxhik6KU3evy+qkAAowTByymK0avdg=="
    "resolved" "https://registry.npmjs.org/graceful-fs/-/graceful-fs-4.2.8.tgz"
    "version" "4.2.8"
  
  "has-flag@^3.0.0":
    "integrity" "sha1-tdRU3CGZriJWmfNGfloH87lVuv0="
    "resolved" "https://registry.npmjs.org/has-flag/-/has-flag-3.0.0.tgz"
    "version" "3.0.0"
  
  "has-flag@^4.0.0":
    "integrity" "sha512-EykJT/Q1KjTWctppgIAgfSO0tKVuZUjhgMr17kqTumMl6Afv3EISleU7qZUzoXDFTAHTDC4NOoG/ZxU3EvlMPQ=="
    "resolved" "https://registry.npmjs.org/has-flag/-/has-flag-4.0.0.tgz"
    "version" "4.0.0"
  
  "has-symbols@^1.0.1":
    "integrity" "sha512-chXa79rL/UC2KlX17jo3vRGz0azaWEx5tGqZg5pO3NUyEJVB17dMruQlzCCOfUvElghKcm5194+BCRvi2Rv/Gw=="
    "resolved" "https://registry.npmjs.org/has-symbols/-/has-symbols-1.0.2.tgz"
    "version" "1.0.2"
  
  "has-unicode@^2.0.1":
    "integrity" "sha1-4Ob+aijPUROIVeCG0Wkedx3iqLk="
    "resolved" "https://registry.npmjs.org/has-unicode/-/has-unicode-2.0.1.tgz"
    "version" "2.0.1"
  
  "has@^1.0.3":
    "integrity" "sha512-f2dvO0VU6Oej7RkWJGrehjbzMAjFp5/VKPp5tTpWIV4JHHZK1/BxbFRtf/siA2SWTe09caDmVtYYzWEIbBS4zw=="
    "resolved" "https://registry.npmjs.org/has/-/has-1.0.3.tgz"
    "version" "1.0.3"
    dependencies:
      "function-bind" "^1.1.1"
  
  "hex-color-regex@^1.1.0":
    "integrity" "sha512-l9sfDFsuqtOqKDsQdqrMRk0U85RZc0RtOR9yPI7mRVOa4FsR/BVnZ0shmQRM96Ji99kYZP/7hn1cedc1+ApsTQ=="
    "resolved" "https://registry.npmjs.org/hex-color-regex/-/hex-color-regex-1.1.0.tgz"
    "version" "1.1.0"
  
  "hsl-regex@^1.0.0":
    "integrity" "sha1-1JMwx4ntgZ4nakwNJy3/owsY/m4="
    "resolved" "https://registry.npmjs.org/hsl-regex/-/hsl-regex-1.0.0.tgz"
    "version" "1.0.0"
  
  "hsla-regex@^1.0.0":
    "integrity" "sha1-wc56MWjIxmFAM6S194d/OyJfnDg="
    "resolved" "https://registry.npmjs.org/hsla-regex/-/hsla-regex-1.0.0.tgz"
    "version" "1.0.0"
  
  "html-tags@^3.1.0":
    "integrity" "sha512-1qYz89hW3lFDEazhjW0yVAV87lw8lVkrJocr72XmBkMKsoSVJCQx3W8BXsC7hO2qAt8BoVjYjtAcZ9perqGnNg=="
    "resolved" "https://registry.npmjs.org/html-tags/-/html-tags-3.1.0.tgz"
    "version" "3.1.0"
  
  "http-errors@^1.7.2":
    "integrity" "sha512-Kpk9Sm7NmI+RHhnj6OIWDI1d6fIoFAtFt9RLaTMRlg/8w49juAStsrBgp0Dp4OdxdVbRIeKhtCUvoi/RuAhO4g=="
    "resolved" "https://registry.npmjs.org/http-errors/-/http-errors-1.8.1.tgz"
    "version" "1.8.1"
    dependencies:
      "depd" "~1.1.2"
      "inherits" "2.0.4"
      "setprototypeof" "1.2.0"
      "statuses" ">= 1.5.0 < 2"
      "toidentifier" "1.0.1"
  
  "http-errors@~1.7.2":
    "integrity" "sha512-uUQBt3H/cSIVfch6i1EuPNy/YsRSOUBXTVfZ+yR7Zjez3qjBz6i9+i4zjNaoqcoFVI4lQJ5plg63TvGfRSDCRg=="
    "resolved" "https://registry.npmjs.org/http-errors/-/http-errors-1.7.2.tgz"
    "version" "1.7.2"
    dependencies:
      "depd" "~1.1.2"
      "inherits" "2.0.3"
      "setprototypeof" "1.1.1"
      "statuses" ">= 1.5.0 < 2"
      "toidentifier" "1.0.0"
  
  "http-errors@1.7.2":
    "integrity" "sha512-uUQBt3H/cSIVfch6i1EuPNy/YsRSOUBXTVfZ+yR7Zjez3qjBz6i9+i4zjNaoqcoFVI4lQJ5plg63TvGfRSDCRg=="
    "resolved" "https://registry.npmjs.org/http-errors/-/http-errors-1.7.2.tgz"
    "version" "1.7.2"
    dependencies:
      "depd" "~1.1.2"
      "inherits" "2.0.3"
      "setprototypeof" "1.1.1"
      "statuses" ">= 1.5.0 < 2"
      "toidentifier" "1.0.0"
  
  "http-errors@1.7.3":
    "integrity" "sha512-ZTTX0MWrsQ2ZAhA1cejAwDLycFsd7I7nVtnkT3Ol0aqodaKW+0CTZDQ1uBv5whptCnc8e8HeRRJxRs0kmm/Qfw=="
    "resolved" "https://registry.npmjs.org/http-errors/-/http-errors-1.7.3.tgz"
    "version" "1.7.3"
    dependencies:
      "depd" "~1.1.2"
      "inherits" "2.0.4"
      "setprototypeof" "1.1.1"
      "statuses" ">= 1.5.0 < 2"
      "toidentifier" "1.0.0"
  
  "https-proxy-agent@^5.0.0":
    "integrity" "sha512-EkYm5BcKUGiduxzSt3Eppko+PiNWNEpa4ySk9vTC6wDsQJW9rHSa+UhGNJoRYp7bz6Ht1eaRIa6QaJqO5rCFbA=="
    "resolved" "https://registry.npmjs.org/https-proxy-agent/-/https-proxy-agent-5.0.0.tgz"
    "version" "5.0.0"
    dependencies:
      "agent-base" "6"
      "debug" "4"
  
  "iconv-lite@^0.4.24", "iconv-lite@0.4.24":
    "integrity" "sha512-v3MXnZAcvnywkTUEZomIActle7RXXeedOR31wwl7VlyoXO4Qi9arvSenNQWne1TcRwhCL1HwLI21bEqdpj8/rA=="
    "resolved" "https://registry.npmjs.org/iconv-lite/-/iconv-lite-0.4.24.tgz"
    "version" "0.4.24"
    dependencies:
      "safer-buffer" ">= 2.1.2 < 3"
  
  "ieee754@^1.1.13", "ieee754@^1.2.1":
    "integrity" "sha512-dcyqhDvX1C46lXZcVqCpK+FtMRQVdIMN6/Df5js2zouUsqG7I6sFxitIC+7KYK29KdXOLHdu9zL4sFnoVQnqaA=="
    "resolved" "https://registry.npmjs.org/ieee754/-/ieee754-1.2.1.tgz"
    "version" "1.2.1"
  
  "import-cwd@^3.0.0":
    "integrity" "sha512-4pnzH16plW+hgvRECbDWpQl3cqtvSofHWh44met7ESfZ8UZOWWddm8hEyDTqREJ9RbYHY8gi8DqmaelApoOGMg=="
    "resolved" "https://registry.npmjs.org/import-cwd/-/import-cwd-3.0.0.tgz"
    "version" "3.0.0"
    dependencies:
      "import-from" "^3.0.0"
  
  "import-fresh@^3.2.1":
    "integrity" "sha512-veYYhQa+D1QBKznvhUHxb8faxlrwUnxseDAbAp457E0wLNio2bOSKnjYDhMj+YiAq61xrMGhQk9iXVk5FzgQMw=="
    "resolved" "https://registry.npmjs.org/import-fresh/-/import-fresh-3.3.0.tgz"
    "version" "3.3.0"
    dependencies:
      "parent-module" "^1.0.0"
      "resolve-from" "^4.0.0"
  
  "import-from@^3.0.0":
    "integrity" "sha512-CiuXOFFSzkU5x/CR0+z7T91Iht4CXgfCxVOFRhh2Zyhg5wOpWvvDLQUsWl+gcN+QscYBjez8hDCt85O7RLDttQ=="
    "resolved" "https://registry.npmjs.org/import-from/-/import-from-3.0.0.tgz"
    "version" "3.0.0"
    dependencies:
      "resolve-from" "^5.0.0"
  
  "inflight@^1.0.4", "inflight@^1.0.6":
    "integrity" "sha1-Sb1jMdfQLQwJvJEKEHW6gWW1bfk="
    "resolved" "https://registry.npmjs.org/inflight/-/inflight-1.0.6.tgz"
    "version" "1.0.6"
    dependencies:
      "once" "^1.3.0"
      "wrappy" "1"
  
  "inherits@^2.0.3", "inherits@2", "inherits@2.0.3":
    "integrity" "sha1-Yzwsg+PaQqUC9SRmAiSA9CCCYd4="
    "resolved" "https://registry.npmjs.org/inherits/-/inherits-2.0.3.tgz"
    "version" "2.0.3"
  
  "inherits@2.0.4":
    "integrity" "sha512-k/vGaX4/Yla3WzyMCvTQOXYeIHvqOKtnqBduzTHpzpQZzAskKMhZ2K+EnBiSM9zGSoIFeMpXKxa4dYeZIQqewQ=="
    "resolved" "https://registry.npmjs.org/inherits/-/inherits-2.0.4.tgz"
    "version" "2.0.4"
  
  "ipaddr.js@^1.9.1", "ipaddr.js@1.9.1":
    "integrity" "sha512-0KI/607xoxSToH7GjN1FfSbLoU0+btTicjsQSWQlh/hZykN8KpmMf7uYwPW3R+akZ6R/w18ZlXSHBYXiYUPO3g=="
    "resolved" "https://registry.npmjs.org/ipaddr.js/-/ipaddr.js-1.9.1.tgz"
    "version" "1.9.1"
  
  "is-arrayish@^0.2.1":
    "integrity" "sha1-d8mYQFJ6qOyxqLppe4BkWnqSap0="
    "resolved" "https://registry.npmjs.org/is-arrayish/-/is-arrayish-0.2.1.tgz"
    "version" "0.2.1"
  
  "is-arrayish@^0.3.1":
    "integrity" "sha512-eVRqCvVlZbuw3GrM63ovNSNAeA1K16kaR/LRY/92w0zxQ5/1YzwblUX652i4Xs9RwAGjW9d9y6X88t8OaAJfWQ=="
    "resolved" "https://registry.npmjs.org/is-arrayish/-/is-arrayish-0.3.2.tgz"
    "version" "0.3.2"
  
  "is-binary-path@~2.1.0":
    "integrity" "sha512-ZMERYes6pDydyuGidse7OsHxtbI7WVeUEozgR/g7rd0xUimYNlvZRE/K2MgZTjWy725IfelLeVcEM97mmtRGXw=="
    "resolved" "https://registry.npmjs.org/is-binary-path/-/is-binary-path-2.1.0.tgz"
    "version" "2.1.0"
    dependencies:
      "binary-extensions" "^2.0.0"
  
  "is-color-stop@^1.1.0":
    "integrity" "sha1-z/9HGu5N1cnhWFmPvhKWe1za00U="
    "resolved" "https://registry.npmjs.org/is-color-stop/-/is-color-stop-1.1.0.tgz"
    "version" "1.1.0"
    dependencies:
      "css-color-names" "^0.0.4"
      "hex-color-regex" "^1.1.0"
      "hsl-regex" "^1.0.0"
      "hsla-regex" "^1.0.0"
      "rgb-regex" "^1.0.1"
      "rgba-regex" "^1.0.0"
  
  "is-core-module@^2.2.0":
    "integrity" "sha512-vd15qHsaqrRL7dtH6QNuy0ndJmRDrS9HAM1CAiSifNUFv4x1a0CCVsj18hJ1mShxIG6T2i1sO78MkP56r0nYRw=="
    "resolved" "https://registry.npmjs.org/is-core-module/-/is-core-module-2.8.0.tgz"
    "version" "2.8.0"
    dependencies:
      "has" "^1.0.3"
  
  "is-extglob@^2.1.1":
    "integrity" "sha1-qIwCU1eR8C7TfHahueqXc8gz+MI="
    "resolved" "https://registry.npmjs.org/is-extglob/-/is-extglob-2.1.1.tgz"
    "version" "2.1.1"
  
  "is-fullwidth-code-point@^2.0.0":
    "integrity" "sha1-o7MKXE8ZkYMWeqq5O+764937ZU8="
    "resolved" "https://registry.npmjs.org/is-fullwidth-code-point/-/is-fullwidth-code-point-2.0.0.tgz"
    "version" "2.0.0"
  
  "is-fullwidth-code-point@^3.0.0":
    "integrity" "sha512-zymm5+u+sCsSWyD9qNaejV3DFvhCKclKdizYaJUuHA83RLjb7nSuGnddCHGv0hk+KY7BMAlsWeK4Ueg6EV6XQg=="
    "resolved" "https://registry.npmjs.org/is-fullwidth-code-point/-/is-fullwidth-code-point-3.0.0.tgz"
    "version" "3.0.0"
  
  "is-glob@^4.0.1", "is-glob@^4.0.3", "is-glob@~4.0.1":
    "integrity" "sha512-xelSayHH36ZgE7ZWhli7pW34hNbNl8Ojv5KVmkJD4hBdD3th8Tfk9vYasLM+mXWOZhFkgZfxhLSnrwRr4elSSg=="
    "resolved" "https://registry.npmjs.org/is-glob/-/is-glob-4.0.3.tgz"
    "version" "4.0.3"
    dependencies:
      "is-extglob" "^2.1.1"
  
  "is-number@^7.0.0":
    "integrity" "sha512-41Cifkg6e8TylSpdtTpeLVMqvSBEVzTttHvERD741+pnZ8ANv0004MRL43QKPDlK9cGvNp6NZWZUBlbGXYxxng=="
    "resolved" "https://registry.npmjs.org/is-number/-/is-number-7.0.0.tgz"
    "version" "7.0.0"
  
  "js-tokens@^4.0.0":
    "integrity" "sha512-RdJUflcE3cUzKiMqQgsCu06FPu9UdIJO0beYbPhHN4k6apgJtifcoCtT9bcxOpYBtpD2kCM6Sbzg4CausW/PKQ=="
    "resolved" "https://registry.npmjs.org/js-tokens/-/js-tokens-4.0.0.tgz"
    "version" "4.0.0"
  
  "json-parse-even-better-errors@^2.3.0":
    "integrity" "sha512-xyFwyhro/JEof6Ghe2iz2NcXoj2sloNsWr/XsERDK/oiPCfaNhl5ONfp+jQdAZRQQ0IJWNzH9zIZF7li91kh2w=="
    "resolved" "https://registry.npmjs.org/json-parse-even-better-errors/-/json-parse-even-better-errors-2.3.1.tgz"
    "version" "2.3.1"
  
  "jsonfile@^6.0.1":
    "integrity" "sha512-5dgndWOriYSm5cnYaJNhalLNDKOqFwyDB/rr1E9ZsGciGvKPs8R2xYGCacuf3z6K1YKDz182fd+fY3cn3pMqXQ=="
    "resolved" "https://registry.npmjs.org/jsonfile/-/jsonfile-6.1.0.tgz"
    "version" "6.1.0"
    dependencies:
      "universalify" "^2.0.0"
    optionalDependencies:
      "graceful-fs" "^4.1.6"
  
  "jsonwebtoken@^8.5.1":
    "integrity" "sha512-XjwVfRS6jTMsqYs0EsuJ4LGxXV14zQybNd4L2r0UvbVnSF9Af8x7p5MzbJ90Ioz/9TI41/hTCvznF/loiSzn8w=="
    "resolved" "https://registry.npmjs.org/jsonwebtoken/-/jsonwebtoken-8.5.1.tgz"
    "version" "8.5.1"
    dependencies:
      "jws" "^3.2.2"
      "lodash.includes" "^4.3.0"
      "lodash.isboolean" "^3.0.3"
      "lodash.isinteger" "^4.0.4"
      "lodash.isnumber" "^3.0.3"
      "lodash.isplainobject" "^4.0.6"
      "lodash.isstring" "^4.0.1"
      "lodash.once" "^4.0.0"
      "ms" "^2.1.1"
      "semver" "^5.6.0"
  
  "jwa@^1.4.1":
    "integrity" "sha512-qiLX/xhEEFKUAJ6FiBMbes3w9ATzyk5W7Hvzpa/SLYdxNtng+gcurvrI7TbACjIXlsJyr05/S1oUhZrc63evQA=="
    "resolved" "https://registry.npmjs.org/jwa/-/jwa-1.4.1.tgz"
    "version" "1.4.1"
    dependencies:
      "buffer-equal-constant-time" "1.0.1"
      "ecdsa-sig-formatter" "1.0.11"
      "safe-buffer" "^5.0.1"
  
  "jws@^3.2.2":
    "integrity" "sha512-YHlZCB6lMTllWDtSPHz/ZXTsi8S00usEV6v1tjq8tOUZzw7DpSDWVXjXDre6ed1w/pd495ODpHZYSdkRTsa0HA=="
    "resolved" "https://registry.npmjs.org/jws/-/jws-3.2.2.tgz"
    "version" "3.2.2"
    dependencies:
      "jwa" "^1.4.1"
      "safe-buffer" "^5.0.1"
  
  "kareem@^2.3.2", "kareem@2.3.2":
    "integrity" "sha512-STHz9P7X2L4Kwn72fA4rGyqyXdmrMSdxqHx9IXon/FXluXieaFA6KJ2upcHAHxQPQ0LeM/OjLrhFxifHewOALQ=="
    "resolved" "https://registry.npmjs.org/kareem/-/kareem-2.3.2.tgz"
    "version" "2.3.2"
  
  "lilconfig@^2.0.3":
    "integrity" "sha512-bfTIN7lEsiooCocSISTWXkiWJkRqtL9wYtYy+8EK3Y41qh3mpwPU0ycTOgjdY9ErwXCc8QyrQp82bdL0Xkm9yA=="
    "resolved" "https://registry.npmjs.org/lilconfig/-/lilconfig-2.0.4.tgz"
    "version" "2.0.4"
  
  "lines-and-columns@^1.1.6":
    "integrity" "sha512-7ylylesZQ/PV29jhEDl3Ufjo6ZX7gCqJr5F7PKrqc93v7fzSymt1BpwEU8nAUXs8qzzvqhbjhK5QZg6Mt/HkBg=="
    "resolved" "https://registry.npmjs.org/lines-and-columns/-/lines-and-columns-1.2.4.tgz"
    "version" "1.2.4"
  
  "lodash.includes@^4.3.0":
    "integrity" "sha1-YLuYqHy5I8aMoeUTJUgzFISfVT8="
    "resolved" "https://registry.npmjs.org/lodash.includes/-/lodash.includes-4.3.0.tgz"
    "version" "4.3.0"
  
  "lodash.isboolean@^3.0.3":
    "integrity" "sha1-bC4XHbKiV82WgC/UOwGyDV9YcPY="
    "resolved" "https://registry.npmjs.org/lodash.isboolean/-/lodash.isboolean-3.0.3.tgz"
    "version" "3.0.3"
  
  "lodash.isinteger@^4.0.4":
    "integrity" "sha1-YZwK89A/iwTDH1iChAt3sRzWg0M="
    "resolved" "https://registry.npmjs.org/lodash.isinteger/-/lodash.isinteger-4.0.4.tgz"
    "version" "4.0.4"
  
  "lodash.isnumber@^3.0.3":
    "integrity" "sha1-POdoEMWSjQM1IwGsKHMX8RwLH/w="
    "resolved" "https://registry.npmjs.org/lodash.isnumber/-/lodash.isnumber-3.0.3.tgz"
    "version" "3.0.3"
  
  "lodash.isplainobject@^4.0.6":
    "integrity" "sha1-fFJqUtibRcRcxpC4gWO+BJf1UMs="
    "resolved" "https://registry.npmjs.org/lodash.isplainobject/-/lodash.isplainobject-4.0.6.tgz"
    "version" "4.0.6"
  
  "lodash.isstring@^4.0.1":
    "integrity" "sha1-1SfftUVuynzJu5XV2ur4i6VKVFE="
    "resolved" "https://registry.npmjs.org/lodash.isstring/-/lodash.isstring-4.0.1.tgz"
    "version" "4.0.1"
  
  "lodash.once@^4.0.0", "lodash.once@^4.1.1":
    "integrity" "sha1-DdOXEhPHxW34gJd9UEyI+0cal6w="
    "resolved" "https://registry.npmjs.org/lodash.once/-/lodash.once-4.1.1.tgz"
    "version" "4.1.1"
  
  "lodash.topath@^4.5.2":
    "integrity" "sha1-NhY1Hzu6YZlKCTGYlmC9AyVP0Ak="
    "resolved" "https://registry.npmjs.org/lodash.topath/-/lodash.topath-4.5.2.tgz"
    "version" "4.5.2"
  
  "lodash@^4.17.21":
    "integrity" "sha512-v2kDEe57lecTulaDIuNTPy3Ry4gLGJ6Z1O3vE1krgXZNrsQ+LFTGHVxVjcXPs17LhbZVGedAJv8XZ1tvj5FvSg=="
    "resolved" "https://registry.npmjs.org/lodash/-/lodash-4.17.21.tgz"
    "version" "4.17.21"
  
  "lru-cache@^6.0.0":
    "integrity" "sha512-Jo6dJ04CmSjuznwJSS3pUeWmd/H0ffTlkXXgwZi+eq1UCmqQwCh+eLsYOYCwY991i2Fah4h1BEMCx4qThGbsiA=="
    "resolved" "https://registry.npmjs.org/lru-cache/-/lru-cache-6.0.0.tgz"
    "version" "6.0.0"
    dependencies:
      "yallist" "^4.0.0"
  
  "make-dir@^3.1.0":
    "integrity" "sha512-g3FeP20LNwhALb/6Cz6Dd4F2ngze0jz7tbzrD2wAV+o9FeNHe4rL+yK2md0J/fiSf1sa1ADhXqi5+oVwOM/eGw=="
    "resolved" "https://registry.npmjs.org/make-dir/-/make-dir-3.1.0.tgz"
    "version" "3.1.0"
    dependencies:
      "semver" "^6.0.0"
  
  "media-typer@^0.3.0", "media-typer@0.3.0":
    "integrity" "sha1-hxDXrwqmJvj/+hzgAWhUUmMlV0g="
    "resolved" "https://registry.npmjs.org/media-typer/-/media-typer-0.3.0.tgz"
    "version" "0.3.0"
  
  "memory-pager@^1.0.2", "memory-pager@^1.5.0":
    "integrity" "sha512-ZS4Bp4r/Zoeq6+NLJpP+0Zzm0pR8whtGPf1XExKLJBAczGMnSi3It14OiNCStjQjM6NU1okjQGSxgEZN8eBYKg=="
    "resolved" "https://registry.npmjs.org/memory-pager/-/memory-pager-1.5.0.tgz"
    "version" "1.5.0"
  
  "merge-descriptors@^1.0.1", "merge-descriptors@1.0.1":
    "integrity" "sha1-sAqqVW3YtEVoFQ7J0blT8/kMu2E="
    "resolved" "https://registry.npmjs.org/merge-descriptors/-/merge-descriptors-1.0.1.tgz"
    "version" "1.0.1"
  
  "merge2@^1.3.0":
    "integrity" "sha512-8q7VEgMJW4J8tcfVPy8g09NcQwZdbwFEqhe/WZkoIzjn/3TGDwtOCYtXGxA3O8tPzpczCCDgv+P2P5y00ZJOOg=="
    "resolved" "https://registry.npmjs.org/merge2/-/merge2-1.4.1.tgz"
    "version" "1.4.1"
  
  "methods@^1.1.2", "methods@~1.1.2":
    "integrity" "sha1-VSmk1nZUE07cxSZmVoNbD4Ua/O4="
    "resolved" "https://registry.npmjs.org/methods/-/methods-1.1.2.tgz"
    "version" "1.1.2"
  
  "micromatch@^4.0.4":
    "integrity" "sha512-pRmzw/XUcwXGpD9aI9q/0XOwLNygjETJ8y0ao0wdqprrzDa4YnxLcz7fQRZr8voh8V10kGhABbNcHVk5wHgWwg=="
    "resolved" "https://registry.npmjs.org/micromatch/-/micromatch-4.0.4.tgz"
    "version" "4.0.4"
    dependencies:
      "braces" "^3.0.1"
      "picomatch" "^2.2.3"
  
  "mime-db@^1.51.0", "mime-db@1.51.0":
    "integrity" "sha512-5y8A56jg7XVQx2mbv1lu49NR4dokRnhZYTtL+KGfaa27uq4pSTXkwQkFJl4pkRMyNFz/EtYDSkiiEHx3F7UN6g=="
    "resolved" "https://registry.npmjs.org/mime-db/-/mime-db-1.51.0.tgz"
    "version" "1.51.0"
  
  "mime-types@^2.1.34", "mime-types@~2.1.24":
    "integrity" "sha512-6cP692WwGIs9XXdOO4++N+7qjqv0rqxxVvJ3VHPh/Sc9mVZcQP+ZGhkKiTvWMQRr2tbHkJP/Yn7Y0npb3ZBs4A=="
    "resolved" "https://registry.npmjs.org/mime-types/-/mime-types-2.1.34.tgz"
    "version" "2.1.34"
    dependencies:
      "mime-db" "1.51.0"
  
  "mime@^1.6.0", "mime@1.6.0":
    "integrity" "sha512-x0Vn8spI+wuJ1O6S7gnbaQg8Pxh4NNHb7KSINmEWKiPE4RKOplvijn+NkmYmmRgP68mc70j2EbeTFRsrswaQeg=="
    "resolved" "https://registry.npmjs.org/mime/-/mime-1.6.0.tgz"
    "version" "1.6.0"
  
  "minimatch@^3.0.4":
    "integrity" "sha512-yJHVQEhyqPLUTgt9B83PXu6W3rx4MvvHvSUvToogpwoGDOUQ+yDrR0HRot+yOCdCO7u4hX3pWft6kWBBcqh0UA=="
    "resolved" "https://registry.npmjs.org/minimatch/-/minimatch-3.0.4.tgz"
    "version" "3.0.4"
    dependencies:
      "brace-expansion" "^1.1.7"
  
  "minimist@^1.1.1":
    "integrity" "sha512-FM9nNUYrRBAELZQT3xeZQ7fmMOBg6nWNmJKTcgsJeaLstP/UODVpGsr5OhXhhXg6f+qtJ8uiZ+PUxkDWcgIXLw=="
    "resolved" "https://registry.npmjs.org/minimist/-/minimist-1.2.5.tgz"
    "version" "1.2.5"
  
  "minipass@^3.0.0", "minipass@^3.1.5":
    "integrity" "sha512-+8NzxD82XQoNKNrl1d/FSi+X8wAEWR+sbYAfIvub4Nz0d22plFG72CEVVaufV8PNf4qSslFTD8VMOxNVhHCjTw=="
    "resolved" "https://registry.npmjs.org/minipass/-/minipass-3.1.5.tgz"
    "version" "3.1.5"
    dependencies:
      "yallist" "^4.0.0"
  
  "minizlib@^2.1.1", "minizlib@^2.1.2":
    "integrity" "sha512-bAxsR8BVfj60DWXHE3u30oHzfl4G7khkSuPW+qvpd7jFRHm7dLxOjUk1EHACJ/hxLY8phGJ0YhYHZo7jil7Qdg=="
    "resolved" "https://registry.npmjs.org/minizlib/-/minizlib-2.1.2.tgz"
    "version" "2.1.2"
    dependencies:
      "minipass" "^3.0.0"
      "yallist" "^4.0.0"
  
  "mkdirp@^1.0.3", "mkdirp@^1.0.4":
    "integrity" "sha512-vVqVZQyf3WLx2Shd0qJ9xuvqgAyKPLAiqITEtqW0oIUjzo3PePDd6fW9iFz30ef7Ysp/oiWqbhszeGWW2T6Gzw=="
    "resolved" "https://registry.npmjs.org/mkdirp/-/mkdirp-1.0.4.tgz"
    "version" "1.0.4"
  
  "modern-normalize@^1.1.0":
    "integrity" "sha512-2lMlY1Yc1+CUy0gw4H95uNN7vjbpoED7NNRSBHE25nWfLBdmMzFCsPshlzbxHz+gYMcBEUN8V4pU16prcdPSgA=="
    "resolved" "https://registry.npmjs.org/modern-normalize/-/modern-normalize-1.1.0.tgz"
    "version" "1.1.0"
  
  "mongodb-connection-string-url@^2.1.0", "mongodb-connection-string-url@^2.2.0":
    "integrity" "sha512-U0cDxLUrQrl7DZA828CA+o69EuWPWEJTwdMPozyd7cy/dbtncUZczMw7wRHcwMD7oKOn0NM2tF9jdf5FFVW9CA=="
    "resolved" "https://registry.npmjs.org/mongodb-connection-string-url/-/mongodb-connection-string-url-2.2.0.tgz"
    "version" "2.2.0"
    dependencies:
      "@types/whatwg-url" "^8.2.1"
      "whatwg-url" "^11.0.0"
  
  "mongodb@^4.1.4", "mongodb@4.1.4":
    "integrity" "sha512-Cv/sk8on/tpvvqbEvR1h03mdyNdyvvO+WhtFlL4jrZ+DSsN/oSQHVqmJQI/sBCqqbOArFcYCAYDfyzqFwV4GSQ=="
    "resolved" "https://registry.npmjs.org/mongodb/-/mongodb-4.1.4.tgz"
    "version" "4.1.4"
    dependencies:
      "bson" "^4.5.4"
      "denque" "^2.0.1"
      "mongodb-connection-string-url" "^2.1.0"
    optionalDependencies:
      "saslprep" "^1.0.3"
  
  "mongoose@^6.0.13":
    "integrity" "sha512-/M/YKgx23fCX+j0lwObaHbCibXnMjyWeQrXZf0WaQeS/hL86wQVSmaOxh+kZXfyLOUr+vT2Hl44o50GZHUrKWw=="
    "resolved" "https://registry.npmjs.org/mongoose/-/mongoose-6.0.13.tgz"
    "version" "6.0.13"
    dependencies:
      "bson" "^4.2.2"
      "kareem" "2.3.2"
      "mongodb" "4.1.4"
      "mpath" "0.8.4"
      "mquery" "4.0.0"
      "ms" "2.1.2"
      "regexp-clone" "1.0.0"
      "sift" "13.5.2"
      "sliced" "1.0.1"
  
  "morgan@^1.10.0":
    "integrity" "sha512-AbegBVI4sh6El+1gNwvD5YIck7nSA36weD7xvIxG4in80j/UoK8AEGaWnnz8v1GxonMCltmlNs5ZKbGvl9b1XQ=="
    "resolved" "https://registry.npmjs.org/morgan/-/morgan-1.10.0.tgz"
    "version" "1.10.0"
    dependencies:
      "basic-auth" "~2.0.1"
      "debug" "2.6.9"
      "depd" "~2.0.0"
      "on-finished" "~2.3.0"
      "on-headers" "~1.0.2"
  
  "mpath@^0.8.4", "mpath@0.8.4":
    "integrity" "sha512-DTxNZomBcTWlrMW76jy1wvV37X/cNNxPW1y2Jzd4DZkAaC5ZGsm8bfGfNOthcDuRJujXLqiuS6o3Tpy0JEoh7g=="
    "resolved" "https://registry.npmjs.org/mpath/-/mpath-0.8.4.tgz"
    "version" "0.8.4"
  
  "mquery@^4.0.0", "mquery@4.0.0":
    "integrity" "sha512-nGjm89lHja+T/b8cybAby6H0YgA4qYC/lx6UlwvHGqvTq8bDaNeCwl1sY8uRELrNbVWJzIihxVd+vphGGn1vBw=="
    "resolved" "https://registry.npmjs.org/mquery/-/mquery-4.0.0.tgz"
    "version" "4.0.0"
    dependencies:
      "debug" "4.x"
      "regexp-clone" "^1.0.0"
      "sliced" "1.0.1"
  
  "ms@^2.0.0", "ms@^2.1.1":
    "integrity" "sha512-6FlzubTLZG3J2a/NVCAleEhjzq5oxgHyaCU9yYXvcLsvoVaHJq/s5xXI6/XXP6tz7R9xAOtHnSO/tXtF3WRTlA=="
    "resolved" "https://registry.npmjs.org/ms/-/ms-2.1.3.tgz"
    "version" "2.1.3"
  
  "ms@2.0.0":
    "integrity" "sha1-VgiurfwAvmwpAd9fmGF4jeDVl8g="
    "resolved" "https://registry.npmjs.org/ms/-/ms-2.0.0.tgz"
    "version" "2.0.0"
  
  "ms@2.1.1":
    "integrity" "sha512-tgp+dl5cGk28utYktBsrFqA7HKgrhgPsg6Z/EfhWI4gl1Hwq8B/GmY/0oXZ6nF8hDVesS/FpnYaD/kOWhYQvyg=="
    "resolved" "https://registry.npmjs.org/ms/-/ms-2.1.1.tgz"
    "version" "2.1.1"
  
  "ms@2.1.2":
    "integrity" "sha512-sGkPx+VjMtmA6MX27oA4FBFELFCZZ4S4XqeGOXCv68tT+jb3vk/RyaKWP0PTKyWtmLSM0b+adUTEvbs1PEaH2w=="
    "resolved" "https://registry.npmjs.org/ms/-/ms-2.1.2.tgz"
    "version" "2.1.2"
  
  "nanoid@^3.1.30":
    "integrity" "sha512-zJpuPDwOv8D2zq2WRoMe1HsfZthVewpel9CAvTfc/2mBD1uUT/agc5f7GHGWXlYkFvi1mVxe4IjvP2HNrop7nQ=="
    "resolved" "https://registry.npmjs.org/nanoid/-/nanoid-3.1.30.tgz"
    "version" "3.1.30"
  
  "negotiator@^0.6.2", "negotiator@0.6.2":
    "integrity" "sha512-hZXc7K2e+PgeI1eDBe/10Ard4ekbfrrqG8Ep+8Jmf4JID2bNg7NvCPOZN+kfF574pFQI7mum2AUqDidoKqcTOw=="
    "resolved" "https://registry.npmjs.org/negotiator/-/negotiator-0.6.2.tgz"
    "version" "0.6.2"
  
  "node-addon-api@^3.1.0", "node-addon-api@^3.2.1":
    "integrity" "sha512-mmcei9JghVNDYydghQmeDX8KoAm0FAiYyIcUt/N4nhyAipB17pllZQDOJD2fotxABnt4Mdz+dKTO7eftLg4d0A=="
    "resolved" "https://registry.npmjs.org/node-addon-api/-/node-addon-api-3.2.1.tgz"
    "version" "3.2.1"
  
  "node-emoji@^1.11.0":
    "integrity" "sha512-wo2DpQkQp7Sjm2A0cq+sN7EHKO6Sl0ctXeBdFZrL9T9+UywORbufTcTZxom8YqpLQt/FqNMUkOpkZrJVYSKD3A=="
    "resolved" "https://registry.npmjs.org/node-emoji/-/node-emoji-1.11.0.tgz"
    "version" "1.11.0"
    dependencies:
      "lodash" "^4.17.21"
  
  "node-fetch@^2.6.5", "node-fetch@^2.6.6":
    "integrity" "sha512-Z8/6vRlTUChSdIgMa51jxQ4lrw/Jy5SOW10ObaA47/RElsAN2c5Pn8bTgFGWn/ibwzXTE8qwr1Yzx28vsecXEA=="
    "resolved" "https://registry.npmjs.org/node-fetch/-/node-fetch-2.6.6.tgz"
    "version" "2.6.6"
    dependencies:
      "whatwg-url" "^5.0.0"
  
  "node-releases@^2.0.1":
    "integrity" "sha512-CqyzN6z7Q6aMeF/ktcMVTzhAHCEpf8SOarwpzpf8pNBY2k5/oM34UHldUwp8VKI7uxct2HxSRdJjBaZeESzcxA=="
    "resolved" "https://registry.npmjs.org/node-releases/-/node-releases-2.0.1.tgz"
    "version" "2.0.1"
  
  "nopt@^5.0.0":
    "integrity" "sha512-Tbj67rffqceeLpcRXrT7vKAN8CwfPeIBgM7E6iBkmKLV7bEMwpGgYLGv0jACUsECaa/vuxP0IjEont6umdMgtQ=="
    "resolved" "https://registry.npmjs.org/nopt/-/nopt-5.0.0.tgz"
    "version" "5.0.0"
    dependencies:
      "abbrev" "1"
  
  "normalize-path@^3.0.0", "normalize-path@~3.0.0":
    "integrity" "sha512-6eZs5Ls3WtCisHWp9S2GUy8dqkpGi4BVSz3GaqiE6ezub0512ESztXUwUB6C6IKbQkY2Pnb/mD4WYojCRwcwLA=="
    "resolved" "https://registry.npmjs.org/normalize-path/-/normalize-path-3.0.0.tgz"
    "version" "3.0.0"
  
  "normalize-range@^0.1.2":
    "integrity" "sha1-LRDAa9/TEuqXd2laTShDlFa3WUI="
    "resolved" "https://registry.npmjs.org/normalize-range/-/normalize-range-0.1.2.tgz"
    "version" "0.1.2"
  
  "npmlog@^5.0.1":
    "integrity" "sha512-AqZtDUWOMKs1G/8lwylVjrdYgqA4d9nu8hc+0gzRxlDb1I10+FHBGMXs6aiQHFdCUUlqH99MUMuLfzWDNDtfxw=="
    "resolved" "https://registry.npmjs.org/npmlog/-/npmlog-5.0.1.tgz"
    "version" "5.0.1"
    dependencies:
      "are-we-there-yet" "^2.0.0"
      "console-control-strings" "^1.1.0"
      "gauge" "^3.0.0"
      "set-blocking" "^2.0.0"
  
  "object-assign@^4", "object-assign@^4.1.1":
    "integrity" "sha1-IQmtx5ZYh8/AXLvUQsrIv7s2CGM="
    "resolved" "https://registry.npmjs.org/object-assign/-/object-assign-4.1.1.tgz"
    "version" "4.1.1"
  
  "object-hash@^2.2.0":
    "integrity" "sha512-gScRMn0bS5fH+IuwyIFgnh9zBdo4DV+6GhygmWM9HyNJSgS0hScp1f5vjtm7oIIOiT9trXrShAkLFSc2IqKNgw=="
    "resolved" "https://registry.npmjs.org/object-hash/-/object-hash-2.2.0.tgz"
    "version" "2.2.0"
  
  "object-inspect@^1.9.0":
    "integrity" "sha512-jp7ikS6Sd3GxQfZJPyH3cjcbJF6GZPClgdV+EFygjFLQ5FmW/dRUnTd9PQ9k0JhoNDabWFbpF1yCdSWCC6gexg=="
    "resolved" "https://registry.npmjs.org/object-inspect/-/object-inspect-1.11.0.tgz"
    "version" "1.11.0"
  
  "on-finished@^2.3.0", "on-finished@~2.3.0":
    "integrity" "sha1-IPEzZIGwg811M3mSoWlxqi2QaUc="
    "resolved" "https://registry.npmjs.org/on-finished/-/on-finished-2.3.0.tgz"
    "version" "2.3.0"
    dependencies:
      "ee-first" "1.1.1"
  
  "on-headers@^1.0.2", "on-headers@~1.0.2":
    "integrity" "sha512-pZAE+FJLoyITytdqK0U5s+FIpjN0JP3OzFi/u8Rx+EV5/W+JTWGXG8xFzevE7AjBfDqHv/8vL8qQsIhHnqRkrA=="
    "resolved" "https://registry.npmjs.org/on-headers/-/on-headers-1.0.2.tgz"
    "version" "1.0.2"
  
  "once@^1.3.0", "once@^1.4.0":
    "integrity" "sha1-WDsap3WWHUsROsF9nFC6753Xa9E="
    "resolved" "https://registry.npmjs.org/once/-/once-1.4.0.tgz"
    "version" "1.4.0"
    dependencies:
      "wrappy" "1"
  
  "parent-module@^1.0.0":
    "integrity" "sha512-GQ2EWRpQV8/o+Aw8YqtfZZPfNRWZYkbidE9k5rpl/hC3vtHHBfGm2Ifi6qWV+coDGkrUKZAxE3Lot5kcsRlh+g=="
    "resolved" "https://registry.npmjs.org/parent-module/-/parent-module-1.0.1.tgz"
    "version" "1.0.1"
    dependencies:
      "callsites" "^3.0.0"
  
  "parse-json@^5.0.0":
    "integrity" "sha512-ayCKvm/phCGxOkYRSCM82iDwct8/EonSEgCSxWxD7ve6jHggsFl4fZVQBPRNgQoKiuV/odhFrGzQXZwbifC8Rg=="
    "resolved" "https://registry.npmjs.org/parse-json/-/parse-json-5.2.0.tgz"
    "version" "5.2.0"
    dependencies:
      "@babel/code-frame" "^7.0.0"
      "error-ex" "^1.3.1"
      "json-parse-even-better-errors" "^2.3.0"
      "lines-and-columns" "^1.1.6"
  
  "parseurl@^1.3.3", "parseurl@~1.3.3":
    "integrity" "sha512-CiyeOxFT/JZyN5m0z9PfXw4SCBJ6Sygz1Dpl0wqjlhDEGGBP1GnsUVEL0p63hoG1fcj3fHynXi9NYO4nWOL+qQ=="
    "resolved" "https://registry.npmjs.org/parseurl/-/parseurl-1.3.3.tgz"
    "version" "1.3.3"
  
  "path-is-absolute@^1.0.0", "path-is-absolute@^1.0.1":
    "integrity" "sha1-F0uSaHNVNP+8es5r9TpanhtcX18="
    "resolved" "https://registry.npmjs.org/path-is-absolute/-/path-is-absolute-1.0.1.tgz"
    "version" "1.0.1"
  
  "path-parse@^1.0.6":
    "integrity" "sha512-LDJzPVEEEPR+y48z93A0Ed0yXb8pAByGWo/k5YYdYgpY2/2EsOsksJrq7lOHxryrVOn1ejG6oAp8ahvOIQD8sw=="
    "resolved" "https://registry.npmjs.org/path-parse/-/path-parse-1.0.7.tgz"
    "version" "1.0.7"
  
  "path-to-regexp@^0.1.7", "path-to-regexp@0.1.7":
    "integrity" "sha1-32BBeABfUi8V60SQ5yR6G/qmf4w="
    "resolved" "https://registry.npmjs.org/path-to-regexp/-/path-to-regexp-0.1.7.tgz"
    "version" "0.1.7"
  
  "path-type@^4.0.0":
    "integrity" "sha512-gDKb8aZMDeD/tZWs9P6+q0J9Mwkdl6xMV8TjnGP3qJVJ06bdMgkbBlLU8IdfOsIsFz2BW1rNVT3XuNEl8zPAvw=="
    "resolved" "https://registry.npmjs.org/path-type/-/path-type-4.0.0.tgz"
    "version" "4.0.0"
  
  "picocolors@^1.0.0":
    "integrity" "sha512-1fygroTLlHu66zi26VoTDv8yRgm0Fccecssto+MhsZ0D/DGW2sm8E8AjW7NU5VVTRt5GxbeZ5qBuJr+HyLYkjQ=="
    "resolved" "https://registry.npmjs.org/picocolors/-/picocolors-1.0.0.tgz"
    "version" "1.0.0"
  
  "picomatch@^2.0.4", "picomatch@^2.2.1", "picomatch@^2.2.3":
    "integrity" "sha512-lY1Q/PiJGC2zOv/z391WOTD+Z02bCgsFfvxoXXf6h7kv9o+WmsmzYqrAwY63sNgOxE4xEdq0WyUnXfKeBrSvYw=="
    "resolved" "https://registry.npmjs.org/picomatch/-/picomatch-2.3.0.tgz"
    "version" "2.3.0"
  
  "postcss-js@^3.0.3":
    "integrity" "sha512-gWnoWQXKFw65Hk/mi2+WTQTHdPD5UJdDXZmX073EY/B3BWnYjO4F4t0VneTCnCGQ5E5GsCdMkzPaTXwl3r5dJw=="
    "resolved" "https://registry.npmjs.org/postcss-js/-/postcss-js-3.0.3.tgz"
    "version" "3.0.3"
    dependencies:
      "camelcase-css" "^2.0.1"
      "postcss" "^8.1.6"
  
  "postcss-load-config@^3.1.0":
    "integrity" "sha512-ipM8Ds01ZUophjDTQYSVP70slFSYg3T0/zyfII5vzhN6V57YSxMgG5syXuwi5VtS8wSf3iL30v0uBdoIVx4Q0g=="
    "resolved" "https://registry.npmjs.org/postcss-load-config/-/postcss-load-config-3.1.0.tgz"
    "version" "3.1.0"
    dependencies:
      "import-cwd" "^3.0.0"
      "lilconfig" "^2.0.3"
      "yaml" "^1.10.2"
  
  "postcss-nested@5.0.6":
    "integrity" "sha512-rKqm2Fk0KbA8Vt3AdGN0FB9OBOMDVajMG6ZCf/GoHgdxUJ4sBFp0A/uMIRm+MJUdo33YXEtjqIz8u7DAp8B7DA=="
    "resolved" "https://registry.npmjs.org/postcss-nested/-/postcss-nested-5.0.6.tgz"
    "version" "5.0.6"
    dependencies:
      "postcss-selector-parser" "^6.0.6"
  
  "postcss-selector-parser@^6.0.2", "postcss-selector-parser@^6.0.6":
    "integrity" "sha512-9LXrvaaX3+mcv5xkg5kFwqSzSH1JIObIx51PrndZwlmznwXRfxMddDvo9gve3gVR8ZTKgoFDdWkbRFmEhT4PMg=="
    "resolved" "https://registry.npmjs.org/postcss-selector-parser/-/postcss-selector-parser-6.0.6.tgz"
    "version" "6.0.6"
    dependencies:
      "cssesc" "^3.0.0"
      "util-deprecate" "^1.0.2"
  
  "postcss-value-parser@^3.3.0":
    "integrity" "sha512-pISE66AbVkp4fDQ7VHBwRNXzAAKJjw4Vw7nWI/+Q3vuly7SNfgYXvm6i5IgFylHGK5sP/xHAbB7N49OS4gWNyQ=="
    "resolved" "https://registry.npmjs.org/postcss-value-parser/-/postcss-value-parser-3.3.1.tgz"
    "version" "3.3.1"
  
  "postcss-value-parser@^4.1.0":
    "integrity" "sha512-97DXOFbQJhk71ne5/Mt6cOu6yxsSfM0QGQyl0L25Gca4yGWEGJaig7l7gbCX623VqTBNGLRLaVUCnNkcedlRSQ=="
    "resolved" "https://registry.npmjs.org/postcss-value-parser/-/postcss-value-parser-4.1.0.tgz"
    "version" "4.1.0"
  
  "postcss@^8.0.9", "postcss@^8.1.0", "postcss@^8.1.6", "postcss@^8.2.1", "postcss@^8.2.14", "postcss@^8.4.1":
    "integrity" "sha512-WqLs/TTzXdG+/A4ZOOK9WDZiikrRaiA+eoEb/jz2DT9KUhMNHgP7yKPO8vwi62ZCsb703Gwb7BMZwDzI54Y2Ag=="
    "resolved" "https://registry.npmjs.org/postcss/-/postcss-8.4.1.tgz"
    "version" "8.4.1"
    dependencies:
      "nanoid" "^3.1.30"
      "picocolors" "^1.0.0"
      "source-map-js" "^1.0.1"
  
  "pretty-hrtime@^1.0.3":
    "integrity" "sha1-t+PqQkNaTJsnWdmeDyAesZWALuE="
    "resolved" "https://registry.npmjs.org/pretty-hrtime/-/pretty-hrtime-1.0.3.tgz"
    "version" "1.0.3"
  
  "proxy-addr@^2.0.7", "proxy-addr@~2.0.5":
    "integrity" "sha512-llQsMLSUDUPT44jdrU/O37qlnifitDP+ZwrmmZcoSKyLKvtZxpyV0n2/bD/N4tBAAZ/gJEdZU7KMraoK1+XYAg=="
    "resolved" "https://registry.npmjs.org/proxy-addr/-/proxy-addr-2.0.7.tgz"
    "version" "2.0.7"
    dependencies:
      "forwarded" "0.2.0"
      "ipaddr.js" "1.9.1"
  
  "punycode@^2.1.1":
    "integrity" "sha512-XRsRjdf+j5ml+y/6GKHPZbrF/8p2Yga0JPtdqTIY2Xe5ohJPD9saDJJLPvp9+NSBprVvevdXZybnj2cv8OEd0A=="
    "resolved" "https://registry.npmjs.org/punycode/-/punycode-2.1.1.tgz"
    "version" "2.1.1"
  
  "purgecss@^4.0.3":
    "integrity" "sha512-PYOIn5ibRIP34PBU9zohUcCI09c7drPJJtTDAc0Q6QlRz2/CHQ8ywGLdE7ZhxU2VTqB7p5wkvj5Qcm05Rz3Jmw=="
    "resolved" "https://registry.npmjs.org/purgecss/-/purgecss-4.0.3.tgz"
    "version" "4.0.3"
    dependencies:
      "commander" "^6.0.0"
      "glob" "^7.0.0"
      "postcss" "^8.2.1"
      "postcss-selector-parser" "^6.0.2"
  
  "qs@^6.7.0":
    "integrity" "sha512-M528Hph6wsSVOBiYUnGf+K/7w0hNshs/duGsNXPUCLH5XAqjEtiPGwNONLV0tBH8NoGb0mvD5JubnUTrujKDTg=="
    "resolved" "https://registry.npmjs.org/qs/-/qs-6.10.1.tgz"
    "version" "6.10.1"
    dependencies:
      "side-channel" "^1.0.4"
  
  "qs@6.7.0":
    "integrity" "sha512-VCdBRNFTX1fyE7Nb6FYoURo/SPe62QCaAyzJvUjwRaIsc+NePBEniHlvxFmmX56+HZphIGtV0XeCirBtpDrTyQ=="
    "resolved" "https://registry.npmjs.org/qs/-/qs-6.7.0.tgz"
    "version" "6.7.0"
  
  "queue-microtask@^1.2.2":
    "integrity" "sha512-NuaNSa6flKT5JaSYQzJok04JzTL1CA6aGhv5rfLW3PgqA+M2ChpZQnAC8h8i4ZFkBS8X5RqkDBHA7r4hej3K9A=="
    "resolved" "https://registry.npmjs.org/queue-microtask/-/queue-microtask-1.2.3.tgz"
    "version" "1.2.3"
  
  "quick-lru@^5.1.1":
    "integrity" "sha512-WuyALRjWPDGtt/wzJiadO5AXY+8hZ80hVpe6MyivgraREW751X3SbhRvG3eLKOYN+8VEvqLcf3wdnt44Z4S4SA=="
    "resolved" "https://registry.npmjs.org/quick-lru/-/quick-lru-5.1.1.tgz"
    "version" "5.1.1"
  
  "range-parser@^1.2.1", "range-parser@~1.2.1":
    "integrity" "sha512-Hrgsx+orqoygnmhFbKaHE6c296J+HTAQXoxEF6gNupROmmGJRoyzfG3ccAveqCBrwr/2yxQ5BVd/GTl5agOwSg=="
    "resolved" "https://registry.npmjs.org/range-parser/-/range-parser-1.2.1.tgz"
    "version" "1.2.1"
  
  "raw-body@^2.4.0":
    "integrity" "sha512-9WmIKF6mkvA0SLmA2Knm9+qj89e+j1zqgyn8aXGd7+nAduPoqgI9lO57SAZNn/Byzo5P7JhXTyg9PzaJbH73bA=="
    "resolved" "https://registry.npmjs.org/raw-body/-/raw-body-2.4.1.tgz"
    "version" "2.4.1"
    dependencies:
      "bytes" "3.1.0"
      "http-errors" "1.7.3"
      "iconv-lite" "0.4.24"
      "unpipe" "1.0.0"
  
  "raw-body@2.4.0":
    "integrity" "sha512-4Oz8DUIwdvoa5qMJelxipzi/iJIi40O5cGV1wNYp5hvZP8ZN0T+jiNkL0QepXs+EsQ9XJ8ipEDoiH70ySUJP3Q=="
    "resolved" "https://registry.npmjs.org/raw-body/-/raw-body-2.4.0.tgz"
    "version" "2.4.0"
    dependencies:
      "bytes" "3.1.0"
      "http-errors" "1.7.2"
      "iconv-lite" "0.4.24"
      "unpipe" "1.0.0"
  
  "readable-stream@^3.6.0":
    "integrity" "sha512-BViHy7LKeTz4oNnkcLJ+lVSL6vpiFeX6/d3oSH8zCW7UxP2onchk+vTGB143xuFjHS3deTgkKoXXymXqymiIdA=="
    "resolved" "https://registry.npmjs.org/readable-stream/-/readable-stream-3.6.0.tgz"
    "version" "3.6.0"
    dependencies:
      "inherits" "^2.0.3"
      "string_decoder" "^1.1.1"
      "util-deprecate" "^1.0.1"
  
  "readdirp@~3.6.0":
    "integrity" "sha512-hOS089on8RduqdbhvQ5Z37A0ESjsqz6qnRcffsMU3495FuTdqSm+7bhJ29JvIOsBDEEnan5DPu9t3To9VRlMzA=="
    "resolved" "https://registry.npmjs.org/readdirp/-/readdirp-3.6.0.tgz"
    "version" "3.6.0"
    dependencies:
      "picomatch" "^2.2.1"
  
  "reduce-css-calc@^2.1.8":
    "integrity" "sha512-8liAVezDmUcH+tdzoEGrhfbGcP7nOV4NkGE3a74+qqvE7nt9i4sKLGBuZNOnpI4WiGksiNPklZxva80061QiPg=="
    "resolved" "https://registry.npmjs.org/reduce-css-calc/-/reduce-css-calc-2.1.8.tgz"
    "version" "2.1.8"
    dependencies:
      "css-unit-converter" "^1.1.1"
      "postcss-value-parser" "^3.3.0"
  
  "regexp-clone@^1.0.0", "regexp-clone@1.0.0":
    "integrity" "sha512-TuAasHQNamyyJ2hb97IuBEif4qBHGjPHBS64sZwytpLEqtBQ1gPJTnOaQ6qmpET16cK14kkjbazl6+p0RRv0yw=="
    "resolved" "https://registry.npmjs.org/regexp-clone/-/regexp-clone-1.0.0.tgz"
    "version" "1.0.0"
  
  "require-directory@^2.1.1":
    "integrity" "sha1-jGStX9MNqxyXbiNE/+f3kqam30I="
    "resolved" "https://registry.npmjs.org/require-directory/-/require-directory-2.1.1.tgz"
    "version" "2.1.1"
  
  "resolve-from@^4.0.0":
    "integrity" "sha512-pb/MYmXstAkysRFx8piNI1tGFNQIFA3vkE3Gq4EuA1dF6gHp/+vgZqsCGJapvy8N3Q+4o7FwvquPJcnZ7RYy4g=="
    "resolved" "https://registry.npmjs.org/resolve-from/-/resolve-from-4.0.0.tgz"
    "version" "4.0.0"
  
  "resolve-from@^5.0.0":
    "integrity" "sha512-qYg9KP24dD5qka9J47d0aVky0N+b4fTU89LN9iDnjB5waksiC49rvMB0PrUJQGoTmH50XPiqOvAjDfaijGxYZw=="
    "resolved" "https://registry.npmjs.org/resolve-from/-/resolve-from-5.0.0.tgz"
    "version" "5.0.0"
  
  "resolve@^1.20.0":
    "integrity" "sha512-wENBPt4ySzg4ybFQW2TT1zMQucPK95HSh/nq2CFTZVOGut2+pQvSsgtda4d26YrYcr067wjbmzOG8byDPBX63A=="
    "resolved" "https://registry.npmjs.org/resolve/-/resolve-1.20.0.tgz"
    "version" "1.20.0"
    dependencies:
      "is-core-module" "^2.2.0"
      "path-parse" "^1.0.6"
  
  "reusify@^1.0.4":
    "integrity" "sha512-U9nH88a3fc/ekCF1l0/UP1IosiuIjyTh7hBvXVMHYgVcfGvt897Xguj2UOLDeI5BG2m7/uwyaLVT6fbtCwTyzw=="
    "resolved" "https://registry.npmjs.org/reusify/-/reusify-1.0.4.tgz"
    "version" "1.0.4"
  
  "rgb-regex@^1.0.1":
    "integrity" "sha1-wODWiC3w4jviVKR16O3UGRX+rrE="
    "resolved" "https://registry.npmjs.org/rgb-regex/-/rgb-regex-1.0.1.tgz"
    "version" "1.0.1"
  
  "rgba-regex@^1.0.0":
    "integrity" "sha1-QzdOLiyglosO8VI0YLfXMP8i7rM="
    "resolved" "https://registry.npmjs.org/rgba-regex/-/rgba-regex-1.0.0.tgz"
    "version" "1.0.0"
  
  "rimraf@^3.0.0", "rimraf@^3.0.2":
    "integrity" "sha512-JZkJMZkAGFFPP2YqXZXPbMlMBgsxzE8ILs4lMIX/2o0L9UBw9O/Y3o6wFw/i9YLapcUJWwqbi3kdxIPdC62TIA=="
    "resolved" "https://registry.npmjs.org/rimraf/-/rimraf-3.0.2.tgz"
    "version" "3.0.2"
    dependencies:
      "glob" "^7.1.3"
  
  "run-parallel@^1.1.9":
    "integrity" "sha512-5l4VyZR86LZ/lDxZTR6jqL8AFE2S0IFLMP26AbjsLVADxHdhB/c0GUsH+y39UfCi3dzz8OlQuPmnaJOMoDHQBA=="
    "resolved" "https://registry.npmjs.org/run-parallel/-/run-parallel-1.2.0.tgz"
    "version" "1.2.0"
    dependencies:
      "queue-microtask" "^1.2.2"
  
  "rxjs@^6.6.3", "rxjs@^6.6.7":
    "integrity" "sha512-hTdwr+7yYNIT5n4AMYp85KA6yw2Va0FLa3Rguvbpa4W3I5xynaBZo41cM3XM+4Q6fRMj3sBYIR1VAmZMXYJvRQ=="
    "resolved" "https://registry.npmjs.org/rxjs/-/rxjs-6.6.7.tgz"
    "version" "6.6.7"
    dependencies:
      "tslib" "^1.9.0"
  
  "safe-buffer@^5.0.1":
    "integrity" "sha512-Gd2UZBJDkXlY7GbJxfsE8/nvKkUEU1G38c1siN6QP6a9PT9MmHB8GnpscSmMJSoF8LOIrt8ud/wPtojys4G6+g=="
    "resolved" "https://registry.npmjs.org/safe-buffer/-/safe-buffer-5.1.2.tgz"
    "version" "5.1.2"
  
  "safe-buffer@^5.1.2", "safe-buffer@~5.2.0":
    "integrity" "sha512-rp3So07KcdmmKbGvgaNxQSJr7bGVSVk5S9Eq1F+ppbRo70+YeaDxkw5Dd8NPN+GD6bjnYm2VuPuCXmpuYvmCXQ=="
    "resolved" "https://registry.npmjs.org/safe-buffer/-/safe-buffer-5.2.1.tgz"
    "version" "5.2.1"
  
  "safe-buffer@5.1.2":
    "integrity" "sha512-Gd2UZBJDkXlY7GbJxfsE8/nvKkUEU1G38c1siN6QP6a9PT9MmHB8GnpscSmMJSoF8LOIrt8ud/wPtojys4G6+g=="
    "resolved" "https://registry.npmjs.org/safe-buffer/-/safe-buffer-5.1.2.tgz"
    "version" "5.1.2"
  
  "safer-buffer@^2.1.2", "safer-buffer@>= 2.1.2 < 3":
    "integrity" "sha512-YZo3K82SD7Riyi0E1EQPojLz7kpepnSQI9IyPbHHg1XXXevb5dJI7tpyN2ADxGcQbHG7vcyRHk0cbwqcQriUtg=="
    "resolved" "https://registry.npmjs.org/safer-buffer/-/safer-buffer-2.1.2.tgz"
    "version" "2.1.2"
  
  "saslprep@^1.0.3":
    "integrity" "sha512-/MY/PEMbk2SuY5sScONwhUDsV2p77Znkb/q3nSVstq/yQzYJOH/Azh29p9oJLsl3LnQwSvZDKagDGBsBwSooag=="
    "resolved" "https://registry.npmjs.org/saslprep/-/saslprep-1.0.3.tgz"
    "version" "1.0.3"
    dependencies:
      "sparse-bitfield" "^3.0.3"
  
  "semver@^5.6.0":
    "integrity" "sha512-sauaDf/PZdVgrLTNYHRtpXa1iRiKcaebiKQ1BJdpQlWH2lCvexQdX55snPFyK7QzpudqbCI0qXFfOasHdyNDGQ=="
    "resolved" "https://registry.npmjs.org/semver/-/semver-5.7.1.tgz"
    "version" "5.7.1"
  
  "semver@^6.0.0":
    "integrity" "sha512-b39TBaTSfV6yBrapU89p5fKekE2m/NwnDocOVruQFS1/veMgdzuPcnOM34M6CwxW8jH/lxEa5rBoDeUwu5HHTw=="
    "resolved" "https://registry.npmjs.org/semver/-/semver-6.3.0.tgz"
    "version" "6.3.0"
  
  "semver@^7.3.5":
    "integrity" "sha512-PoeGJYh8HK4BTO/a9Tf6ZG3veo/A7ZVsYrSA6J8ny9nb3B1VrpkuN+z9OE5wfE5p6H4LchYZsegiQgbJD94ZFQ=="
    "resolved" "https://registry.npmjs.org/semver/-/semver-7.3.5.tgz"
    "version" "7.3.5"
    dependencies:
      "lru-cache" "^6.0.0"
  
  "send@^0.17.1", "send@0.17.1":
    "integrity" "sha512-BsVKsiGcQMFwT8UxypobUKyv7irCNRHk1T0G680vk88yf6LBByGcZJOTJCrTP2xVN6yI+XjPJcNuE3V4fT9sAg=="
    "resolved" "https://registry.npmjs.org/send/-/send-0.17.1.tgz"
    "version" "0.17.1"
    dependencies:
      "debug" "2.6.9"
      "depd" "~1.1.2"
      "destroy" "~1.0.4"
      "encodeurl" "~1.0.2"
      "escape-html" "~1.0.3"
      "etag" "~1.8.1"
      "fresh" "0.5.2"
      "http-errors" "~1.7.2"
      "mime" "1.6.0"
      "ms" "2.1.1"
      "on-finished" "~2.3.0"
      "range-parser" "~1.2.1"
      "statuses" "~1.5.0"
  
  "serve-static@^1.14.1", "serve-static@1.14.1":
    "integrity" "sha512-JMrvUwE54emCYWlTI+hGrGv5I8dEwmco/00EvkzIIsR7MqrHonbD9pO2MOfFnpFntl7ecpZs+3mW+XbQZu9QCg=="
    "resolved" "https://registry.npmjs.org/serve-static/-/serve-static-1.14.1.tgz"
    "version" "1.14.1"
    dependencies:
      "encodeurl" "~1.0.2"
      "escape-html" "~1.0.3"
      "parseurl" "~1.3.3"
      "send" "0.17.1"
  
  "set-blocking@^2.0.0":
    "integrity" "sha1-BF+XgtARrppoA93TgrJDkrPYkPc="
    "resolved" "https://registry.npmjs.org/set-blocking/-/set-blocking-2.0.0.tgz"
    "version" "2.0.0"
  
  "setprototypeof@^1.1.1", "setprototypeof@1.2.0":
    "integrity" "sha512-E5LDX7Wrp85Kil5bhZv46j8jOeboKq5JMmYM3gVGdGH8xFpPWXUMsNrlODCrkoxMEeNi/XZIwuRvY4XNwYMJpw=="
    "resolved" "https://registry.npmjs.org/setprototypeof/-/setprototypeof-1.2.0.tgz"
    "version" "1.2.0"
  
  "setprototypeof@1.1.1":
    "integrity" "sha512-JvdAWfbXeIGaZ9cILp38HntZSFSo3mWg6xGcJJsd+d4aRMOqauag1C63dJfDw7OaMYwEbHMOxEZ1lqVRYP2OAw=="
    "resolved" "https://registry.npmjs.org/setprototypeof/-/setprototypeof-1.1.1.tgz"
    "version" "1.1.1"
  
  "side-channel@^1.0.4":
    "integrity" "sha512-q5XPytqFEIKHkGdiMIrY10mvLRvnQh42/+GoBlFW3b2LXLE2xxJpZFdm94we0BaoV3RwJyGqg5wS7epxTv0Zvw=="
    "resolved" "https://registry.npmjs.org/side-channel/-/side-channel-1.0.4.tgz"
    "version" "1.0.4"
    dependencies:
      "call-bind" "^1.0.0"
      "get-intrinsic" "^1.0.2"
      "object-inspect" "^1.9.0"
  
  "sift@^13.5.2":
    "integrity" "sha512-J/d0r/MJlD7vG3j6FZI3/KnN+MxEmPUx2nyKNawysbl2ktisEnAWI5j0AgHM19p4xFA2vDXve4i8TQYYfi9O6Q=="
    "resolved" "https://registry.npmjs.org/sift/-/sift-13.5.4.tgz"
    "version" "13.5.4"
  
  "sift@13.5.2":
    "integrity" "sha512-+gxdEOMA2J+AI+fVsCqeNn7Tgx3M9ZN9jdi95939l1IJ8cZsqS8sqpJyOkic2SJk+1+98Uwryt/gL6XDaV+UZA=="
    "resolved" "https://registry.npmjs.org/sift/-/sift-13.5.2.tgz"
    "version" "13.5.2"
  
  "signal-exit@^3.0.0", "signal-exit@^3.0.5":
    "integrity" "sha512-KWcOiKeQj6ZyXx7zq4YxSMgHRlod4czeBQZrPb8OKcohcqAXShm7E20kEMle9WBt26hFcAf0qLOcp5zmY7kOqQ=="
    "resolved" "https://registry.npmjs.org/signal-exit/-/signal-exit-3.0.5.tgz"
    "version" "3.0.5"
  
  "simple-swizzle@^0.2.2":
    "integrity" "sha1-pNprY1/8zMoz9w0Xy5JZLeleVXo="
    "resolved" "https://registry.npmjs.org/simple-swizzle/-/simple-swizzle-0.2.2.tgz"
    "version" "0.2.2"
    dependencies:
      "is-arrayish" "^0.3.1"
  
  "sliced@^1.0.1", "sliced@1.0.1":
    "integrity" "sha1-CzpmK10Ewxd7GSa+qCsD+Dei70E="
    "resolved" "https://registry.npmjs.org/sliced/-/sliced-1.0.1.tgz"
    "version" "1.0.1"
  
  "source-map-js@^1.0.1":
    "integrity" "sha512-4+TN2b3tqOCd/kaGRJ/sTYA0tR0mdXx26ipdolxcwtJVqEnqNYvlCAt1q3ypy4QMlYus+Zh34RNtYLoq2oQ4IA=="
    "resolved" "https://registry.npmjs.org/source-map-js/-/source-map-js-1.0.1.tgz"
    "version" "1.0.1"
  
  "sparse-bitfield@^3.0.3":
    "integrity" "sha1-/0rm5oZWBWuks+eSqzM004JzyhE="
    "resolved" "https://registry.npmjs.org/sparse-bitfield/-/sparse-bitfield-3.0.3.tgz"
    "version" "3.0.3"
    dependencies:
      "memory-pager" "^1.0.2"
  
  "spawn-command@^0.0.2-1":
    "integrity" "sha1-YvXpRmmBwbeW3Fkpk34RycaSG9A="
    "resolved" "https://registry.npmjs.org/spawn-command/-/spawn-command-0.0.2-1.tgz"
    "version" "0.0.2-1"
  
  "statuses@^1.5.0", "statuses@>= 1.5.0 < 2", "statuses@~1.5.0":
    "integrity" "sha1-Fhx9rBd2Wf2YEfQ3cfqZOBR4Yow="
    "resolved" "https://registry.npmjs.org/statuses/-/statuses-1.5.0.tgz"
    "version" "1.5.0"
  
  "string_decoder@^1.1.1", "string_decoder@^1.3.0":
    "integrity" "sha512-hkRX8U1WjJFd8LsDJ2yQ/wWWxaopEsABU1XfkM8A+j0+85JAGppt16cr1Whg6KIbb4okU6Mql6BOj+uup/wKeA=="
    "resolved" "https://registry.npmjs.org/string_decoder/-/string_decoder-1.3.0.tgz"
    "version" "1.3.0"
    dependencies:
      "safe-buffer" "~5.2.0"
  
  "string-width@^1.0.1 || ^2.0.0", "string-width@^1.0.2 || 2 || 3 || 4", "string-width@^2.1.1":
    "integrity" "sha512-nOqH59deCq9SRHlxq1Aw85Jnt4w6KvLKqWVik6oA9ZklXLNIOlqg4F2yrT1MVaTjAqvVwdfeZ7w7aCvJD7ugkw=="
    "resolved" "https://registry.npmjs.org/string-width/-/string-width-2.1.1.tgz"
    "version" "2.1.1"
    dependencies:
      "is-fullwidth-code-point" "^2.0.0"
      "strip-ansi" "^4.0.0"
  
  "string-width@^4.1.0":
    "integrity" "sha512-wKyQRQpjJ0sIp62ErSZdGsjMJWsap5oRNihHhu6G7JVO/9jIB6UyevL+tXuOqrng8j/cxKTWyWUwvSTriiZz/g=="
    "resolved" "https://registry.npmjs.org/string-width/-/string-width-4.2.3.tgz"
    "version" "4.2.3"
    dependencies:
      "emoji-regex" "^8.0.0"
      "is-fullwidth-code-point" "^3.0.0"
      "strip-ansi" "^6.0.1"
  
  "string-width@^4.2.0":
    "integrity" "sha512-wKyQRQpjJ0sIp62ErSZdGsjMJWsap5oRNihHhu6G7JVO/9jIB6UyevL+tXuOqrng8j/cxKTWyWUwvSTriiZz/g=="
    "resolved" "https://registry.npmjs.org/string-width/-/string-width-4.2.3.tgz"
    "version" "4.2.3"
    dependencies:
      "emoji-regex" "^8.0.0"
      "is-fullwidth-code-point" "^3.0.0"
      "strip-ansi" "^6.0.1"
  
  "strip-ansi@^3.0.1 || ^4.0.0", "strip-ansi@^4.0.0":
    "integrity" "sha1-qEeQIusaw2iocTibY1JixQXuNo8="
    "resolved" "https://registry.npmjs.org/strip-ansi/-/strip-ansi-4.0.0.tgz"
    "version" "4.0.0"
    dependencies:
      "ansi-regex" "^3.0.0"
  
  "strip-ansi@^6.0.0", "strip-ansi@^6.0.1":
    "integrity" "sha512-Y38VPSHcqkFrCpFnQ9vuSXmquuv5oXOKpGeT6aGrr3o3Gc9AlVa6JBfUSOCnbxGGZF+/0ooI7KrPuUSztUdU5A=="
    "resolved" "https://registry.npmjs.org/strip-ansi/-/strip-ansi-6.0.1.tgz"
    "version" "6.0.1"
    dependencies:
      "ansi-regex" "^5.0.1"
  
  "supports-color@^5.3.0":
    "integrity" "sha512-QjVjwdXIt408MIiAqCX4oUKsgU2EqAGzs2Ppkm4aQYbjm+ZEWEcW4SfFNTr4uMNZma0ey4f5lgLrkB0aX0QMow=="
    "resolved" "https://registry.npmjs.org/supports-color/-/supports-color-5.5.0.tgz"
    "version" "5.5.0"
    dependencies:
      "has-flag" "^3.0.0"
  
  "supports-color@^7.1.0", "supports-color@^7.2.0":
    "integrity" "sha512-qpCAvRl9stuOHveKsn7HncJRvv501qIacKzQlO/+Lwxc9+0q2wLyv4Dfvt80/DPn2pqOBsJdDiogXGR9+OvwRw=="
    "resolved" "https://registry.npmjs.org/supports-color/-/supports-color-7.2.0.tgz"
    "version" "7.2.0"
    dependencies:
      "has-flag" "^4.0.0"
  
  "supports-color@^8.1.0":
    "integrity" "sha512-MpUEN2OodtUzxvKQl72cUF7RQ5EiHsGvSsVG0ia9c5RbWGL2CI4C7EpPS8UTBIplnlzZiNuV56w+FuNxy3ty2Q=="
    "resolved" "https://registry.npmjs.org/supports-color/-/supports-color-8.1.1.tgz"
    "version" "8.1.1"
    dependencies:
      "has-flag" "^4.0.0"
  
  "tailwindcss@^2.2.19":
    "integrity" "sha512-6Ui7JSVtXadtTUo2NtkBBacobzWiQYVjYW0ZnKaP9S1ZCKQ0w7KVNz+YSDI/j7O7KCMHbOkz94ZMQhbT9pOqjw=="
    "resolved" "https://registry.npmjs.org/tailwindcss/-/tailwindcss-2.2.19.tgz"
    "version" "2.2.19"
    dependencies:
      "arg" "^5.0.1"
      "bytes" "^3.0.0"
      "chalk" "^4.1.2"
      "chokidar" "^3.5.2"
      "color" "^4.0.1"
      "cosmiconfig" "^7.0.1"
      "detective" "^5.2.0"
      "didyoumean" "^1.2.2"
      "dlv" "^1.1.3"
      "fast-glob" "^3.2.7"
      "fs-extra" "^10.0.0"
      "glob-parent" "^6.0.1"
      "html-tags" "^3.1.0"
      "is-color-stop" "^1.1.0"
      "is-glob" "^4.0.1"
      "lodash" "^4.17.21"
      "lodash.topath" "^4.5.2"
      "modern-normalize" "^1.1.0"
      "node-emoji" "^1.11.0"
      "normalize-path" "^3.0.0"
      "object-hash" "^2.2.0"
      "postcss-js" "^3.0.3"
      "postcss-load-config" "^3.1.0"
      "postcss-nested" "5.0.6"
      "postcss-selector-parser" "^6.0.6"
      "postcss-value-parser" "^4.1.0"
      "pretty-hrtime" "^1.0.3"
      "purgecss" "^4.0.3"
      "quick-lru" "^5.1.1"
      "reduce-css-calc" "^2.1.8"
      "resolve" "^1.20.0"
      "tmp" "^0.2.1"
  
  "tar@^6.1.11":
    "integrity" "sha512-an/KZQzQUkZCkuoAA64hM92X0Urb6VpRhAFllDzz44U2mcD5scmT3zBc4VgVpkugF580+DQn8eAFSyoQt0tznA=="
    "resolved" "https://registry.npmjs.org/tar/-/tar-6.1.11.tgz"
    "version" "6.1.11"
    dependencies:
      "chownr" "^2.0.0"
      "fs-minipass" "^2.0.0"
      "minipass" "^3.0.0"
      "minizlib" "^2.1.1"
      "mkdirp" "^1.0.3"
      "yallist" "^4.0.0"
  
  "tmp@^0.2.1":
    "integrity" "sha512-76SUhtfqR2Ijn+xllcI5P1oyannHNHByD80W1q447gU3mp9G9PSpGdWmjUOHRDPiHYacIk66W7ubDTuPF3BEtQ=="
    "resolved" "https://registry.npmjs.org/tmp/-/tmp-0.2.1.tgz"
    "version" "0.2.1"
    dependencies:
      "rimraf" "^3.0.0"
  
  "to-regex-range@^5.0.1":
    "integrity" "sha512-65P7iz6X5yEr1cwcgvQxbbIw7Uk3gOy5dIdtZ4rDveLqhrdJP+Li/Hx6tyK0NEb+2GCyneCMJiGqrADCSNk8sQ=="
    "resolved" "https://registry.npmjs.org/to-regex-range/-/to-regex-range-5.0.1.tgz"
    "version" "5.0.1"
    dependencies:
      "is-number" "^7.0.0"
  
  "toidentifier@^1.0.0", "toidentifier@1.0.1":
    "integrity" "sha512-o5sSPKEkg/DIQNmH43V0/uerLrpzVedkUh8tGNvaeXpfpuwjKenlSox/2O/BTlZUtEe+JG7s5YhEz608PlAHRA=="
    "resolved" "https://registry.npmjs.org/toidentifier/-/toidentifier-1.0.1.tgz"
    "version" "1.0.1"
  
  "toidentifier@1.0.0":
    "integrity" "sha512-yaOH/Pk/VEhBWWTlhI+qXxDFXlejDGcQipMlyxda9nthulaxLZUNcUqFxokp0vcYnvteJln5FNQDRrxj3YcbVw=="
    "resolved" "https://registry.npmjs.org/toidentifier/-/toidentifier-1.0.0.tgz"
    "version" "1.0.0"
  
  "tr46@^3.0.0":
    "integrity" "sha512-l7FvfAHlcmulp8kr+flpQZmVwtu7nfRV7NZujtN0OqES8EL4O4e0qqzL0DC5gAvx/ZC/9lk6rhcUwYvkBnBnYA=="
    "resolved" "https://registry.npmjs.org/tr46/-/tr46-3.0.0.tgz"
    "version" "3.0.0"
    dependencies:
      "punycode" "^2.1.1"
  
  "tr46@~0.0.3":
    "integrity" "sha1-gYT9NH2snNwYWZLzpmIuFLnZq2o="
    "resolved" "https://registry.npmjs.org/tr46/-/tr46-0.0.3.tgz"
    "version" "0.0.3"
  
  "tree-kill@^1.2.2":
    "integrity" "sha512-L0Orpi8qGpRG//Nd+H90vFB+3iHnue1zSSGmNOOCh1GLJ7rUKVwV2HvijphGQS2UmhUZewS9VgvxYIdgr+fG1A=="
    "resolved" "https://registry.npmjs.org/tree-kill/-/tree-kill-1.2.2.tgz"
    "version" "1.2.2"
  
  "tslib@^1.14.1", "tslib@^1.9.0":
    "integrity" "sha512-Xni35NKzjgMrwevysHTCArtLDpPvye8zV/0E4EyYn43P7/7qvQwPh9BGkHewbMulVntbigmcT7rdX3BNo9wRJg=="
    "resolved" "https://registry.npmjs.org/tslib/-/tslib-1.14.1.tgz"
    "version" "1.14.1"
  
  "type-is@^1.6.18", "type-is@~1.6.17", "type-is@~1.6.18":
    "integrity" "sha512-TkRKr9sUTxEH8MdfuCSP7VizJyzRNMjj2J2do2Jr3Kym598JVdEksuzPQCnlFPW4ky9Q+iA+ma9BGm06XQBy8g=="
    "resolved" "https://registry.npmjs.org/type-is/-/type-is-1.6.18.tgz"
    "version" "1.6.18"
    dependencies:
      "media-typer" "0.3.0"
      "mime-types" "~2.1.24"
  
  "universalify@^2.0.0":
    "integrity" "sha512-hAZsKq7Yy11Zu1DE0OzWjw7nnLZmJZYTDZZyEFHZdUhV8FkH5MCfoU1XMaxXovpyW5nq5scPqq0ZDP9Zyl04oQ=="
    "resolved" "https://registry.npmjs.org/universalify/-/universalify-2.0.0.tgz"
    "version" "2.0.0"
  
  "unpipe@^1.0.0", "unpipe@~1.0.0", "unpipe@1.0.0":
    "integrity" "sha1-sr9O6FFKrmFltIF4KdIbLvSZBOw="
    "resolved" "https://registry.npmjs.org/unpipe/-/unpipe-1.0.0.tgz"
    "version" "1.0.0"
  
  "util-deprecate@^1.0.1", "util-deprecate@^1.0.2":
    "integrity" "sha1-RQ1Nyfpw3nMnYvvS1KKJgUGaDM8="
    "resolved" "https://registry.npmjs.org/util-deprecate/-/util-deprecate-1.0.2.tgz"
    "version" "1.0.2"
  
  "utils-merge@^1.0.1", "utils-merge@1.0.1":
    "integrity" "sha1-n5VxD1CiZ5R7LMwSR0HBAoQn5xM="
    "resolved" "https://registry.npmjs.org/utils-merge/-/utils-merge-1.0.1.tgz"
    "version" "1.0.1"
  
  "vary@^1", "vary@^1.1.2", "vary@~1.1.2":
    "integrity" "sha1-IpnwLG3tMNSllhsLn3RSShj2NPw="
    "resolved" "https://registry.npmjs.org/vary/-/vary-1.1.2.tgz"
    "version" "1.1.2"
  
  "webidl-conversions@^3.0.0":
    "integrity" "sha1-JFNCdeKnvGvnvIZhHMFq4KVlSHE="
    "resolved" "https://registry.npmjs.org/webidl-conversions/-/webidl-conversions-3.0.1.tgz"
    "version" "3.0.1"
  
  "webidl-conversions@^7.0.0":
    "integrity" "sha512-VwddBukDzu71offAQR975unBIGqfKZpM+8ZX6ySk8nYhVoo5CYaZyzt3YBvYtRtO+aoGlqxPg/B87NGVZ/fu6g=="
    "resolved" "https://registry.npmjs.org/webidl-conversions/-/webidl-conversions-7.0.0.tgz"
    "version" "7.0.0"
  
  "whatwg-url@^11.0.0":
    "integrity" "sha512-RKT8HExMpoYx4igMiVMY83lN6UeITKJlBQ+vR/8ZJ8OCdSiN3RwCq+9gH0+Xzj0+5IrM6i4j/6LuvzbZIQgEcQ=="
    "resolved" "https://registry.npmjs.org/whatwg-url/-/whatwg-url-11.0.0.tgz"
    "version" "11.0.0"
    dependencies:
      "tr46" "^3.0.0"
      "webidl-conversions" "^7.0.0"
  
  "whatwg-url@^5.0.0":
    "integrity" "sha1-lmRU6HZUYuN2RNNib2dCzotwll0="
    "resolved" "https://registry.npmjs.org/whatwg-url/-/whatwg-url-5.0.0.tgz"
    "version" "5.0.0"
    dependencies:
      "tr46" "~0.0.3"
      "webidl-conversions" "^3.0.0"
  
  "wide-align@^1.1.2", "wide-align@^1.1.5":
    "integrity" "sha512-eDMORYaPNZ4sQIuuYPDHdQvf4gyCF9rEEV/yPxGfwPkRodwEgiMUUXTx/dex+Me0wxx53S+NgUHaP7y3MGlDmg=="
    "resolved" "https://registry.npmjs.org/wide-align/-/wide-align-1.1.5.tgz"
    "version" "1.1.5"
    dependencies:
      "string-width" "^1.0.2 || 2 || 3 || 4"
  
  "wrap-ansi@^7.0.0":
    "integrity" "sha512-YVGIj2kamLSTxw6NsZjoBxfSwsn0ycdesmc4p+Q21c5zPuZ1pl+NfxVdxPtdHvmNVOQ6XSYG4AUtyt/Fi7D16Q=="
    "resolved" "https://registry.npmjs.org/wrap-ansi/-/wrap-ansi-7.0.0.tgz"
    "version" "7.0.0"
    dependencies:
      "ansi-styles" "^4.0.0"
      "string-width" "^4.1.0"
      "strip-ansi" "^6.0.0"
  
  "wrappy@^1.0.2", "wrappy@1":
    "integrity" "sha1-tSQ9jz7BqjXxNkYFvA0QNuMKtp8="
    "resolved" "https://registry.npmjs.org/wrappy/-/wrappy-1.0.2.tgz"
    "version" "1.0.2"
  
  "xtend@^4.0.2":
    "integrity" "sha512-LKYU1iAXJXUgAXn9URjiu+MWhyUXHsvfp7mcuYm9dSUKK0/CjtrUwFAxD82/mCWbtLsGjFIad0wIsod4zrTAEQ=="
    "resolved" "https://registry.npmjs.org/xtend/-/xtend-4.0.2.tgz"
    "version" "4.0.2"
  
  "y18n@^5.0.5", "y18n@^5.0.8":
    "integrity" "sha512-0pfFzegeDWJHJIAmTLRP2DwHjdF5s7jo9tuztdQxAhINCdvS+3nGINqPd00AphqJR/0LhANUS6/+7SCb98YOfA=="
    "resolved" "https://registry.npmjs.org/y18n/-/y18n-5.0.8.tgz"
    "version" "5.0.8"
  
  "yallist@^4.0.0":
    "integrity" "sha512-3wdGidZyq5PB084XLES5TpOSRA3wjXAlIWMhum2kRcv/41Sn2emQ0dycQW4uZXLejwKvg6EsvbdlVL+FYEct7A=="
    "resolved" "https://registry.npmjs.org/yallist/-/yallist-4.0.0.tgz"
    "version" "4.0.0"
  
  "yaml@^1.10.0", "yaml@^1.10.2":
    "integrity" "sha512-r3vXyErRCYJ7wg28yvBY5VSoAF8ZvlcW9/BwUzEtUsjvX/DKs24dIkuwjtuprwJJHsbyUbLApepYTR1BN4uHrg=="
    "resolved" "https://registry.npmjs.org/yaml/-/yaml-1.10.2.tgz"
    "version" "1.10.2"
  
  "yargs-parser@^20.2.2", "yargs-parser@^20.2.9":
    "integrity" "sha512-y11nGElTIV+CT3Zv9t7VKl+Q3hTQoT9a1Qzezhhl6Rp21gJ/IVTW7Z3y9EWXhuUBC2Shnf+DX0antecpAwSP8w=="
    "resolved" "https://registry.npmjs.org/yargs-parser/-/yargs-parser-20.2.9.tgz"
    "version" "20.2.9"
  
  "yargs@^16.2.0":
    "integrity" "sha512-D1mvvtDG0L5ft/jGWkLpG1+m0eQxOfaBvTNELraWj22wSVUMWxZUvYgJYcKh6jGGIkJFhH4IZPQhR4TKpc8mBw=="
    "resolved" "https://registry.npmjs.org/yargs/-/yargs-16.2.0.tgz"
    "version" "16.2.0"
    dependencies:
      "cliui" "^7.0.2"
      "escalade" "^3.1.1"
      "get-caller-file" "^2.0.5"
      "require-directory" "^2.1.1"
      "string-width" "^4.2.0"
      "y18n" "^5.0.5"
      "yargs-parser" "^20.2.2"
